{"/home/travis/build/npmtest/node-npmtest-duo/test.js":{"path":"/home/travis/build/npmtest/node-npmtest-duo/test.js","s":{"1":2,"2":2,"3":2,"4":2,"5":2,"6":2,"7":2,"8":1,"9":2,"10":2,"11":1,"12":1,"13":1,"14":1,"15":2,"16":2,"17":2,"18":2,"19":1,"20":1,"21":2,"22":2,"23":2,"24":1,"25":1,"26":1,"27":1,"28":1,"29":1,"30":1,"31":1,"32":1,"33":1,"34":1,"35":1,"36":1,"37":1,"38":1,"39":2,"40":2,"41":1,"42":2,"43":2,"44":1,"45":2,"46":2,"47":1,"48":2,"49":2,"50":1,"51":1,"52":1,"53":1,"54":1},"b":{"1":[2,1,1,1],"2":[1,1,1,1],"3":[1,1],"4":[1,1],"5":[1,1],"6":[1,1],"7":[1,1],"8":[1,1],"9":[1,1],"10":[1,1,1],"11":[1,1],"12":[1,1],"13":[1,1],"14":[1,1],"15":[1,1],"16":[1,1],"17":[1,1]},"f":{"1":2,"2":2,"3":2,"4":2,"5":2,"6":1,"7":1,"8":1,"9":2,"10":2,"11":2,"12":2,"13":1},"fnMap":{"1":{"name":"(anonymous_1)","line":12,"loc":{"start":{"line":12,"column":1},"end":{"line":12,"column":13}}},"2":{"name":"(anonymous_2)","line":19,"loc":{"start":{"line":19,"column":5},"end":{"line":19,"column":17}}},"3":{"name":"(anonymous_3)","line":23,"loc":{"start":{"line":23,"column":24},"end":{"line":23,"column":36}}},"4":{"name":"(anonymous_4)","line":61,"loc":{"start":{"line":61,"column":5},"end":{"line":61,"column":17}}},"5":{"name":"(anonymous_5)","line":82,"loc":{"start":{"line":82,"column":5},"end":{"line":82,"column":17}}},"6":{"name":"(anonymous_6)","line":91,"loc":{"start":{"line":91,"column":77},"end":{"line":94,"column":10}}},"7":{"name":"(anonymous_7)","line":112,"loc":{"start":{"line":112,"column":83},"end":{"line":115,"column":10}},"skip":true},"8":{"name":"(anonymous_8)","line":123,"loc":{"start":{"line":123,"column":77},"end":{"line":126,"column":10}},"skip":true},"9":{"name":"(anonymous_9)","line":139,"loc":{"start":{"line":139,"column":12},"end":{"line":139,"column":40}},"skip":true},"10":{"name":"(anonymous_10)","line":147,"loc":{"start":{"line":147,"column":77},"end":{"line":150,"column":10}},"skip":true},"11":{"name":"(anonymous_11)","line":158,"loc":{"start":{"line":158,"column":83},"end":{"line":161,"column":10}},"skip":true},"12":{"name":"(anonymous_12)","line":169,"loc":{"start":{"line":169,"column":79},"end":{"line":172,"column":10}},"skip":true},"13":{"name":"(anonymous_13)","line":180,"loc":{"start":{"line":180,"column":75},"end":{"line":183,"column":10}},"skip":true}},"statementMap":{"1":{"start":{"line":12,"column":0},"end":{"line":195,"column":5}},"2":{"start":{"line":14,"column":4},"end":{"line":14,"column":14}},"3":{"start":{"line":19,"column":4},"end":{"line":56,"column":9}},"4":{"start":{"line":21,"column":8},"end":{"line":21,"column":19}},"5":{"start":{"line":23,"column":8},"end":{"line":35,"column":13}},"6":{"start":{"line":24,"column":12},"end":{"line":34,"column":13}},"7":{"start":{"line":25,"column":16},"end":{"line":28,"column":30}},"8":{"start":{"line":30,"column":16},"end":{"line":33,"column":27}},"9":{"start":{"line":37,"column":8},"end":{"line":39,"column":21}},"10":{"start":{"line":40,"column":8},"end":{"line":53,"column":9}},"11":{"start":{"line":43,"column":12},"end":{"line":46,"column":14}},"12":{"start":{"line":47,"column":12},"end":{"line":47,"column":18}},"13":{"start":{"line":50,"column":12},"end":{"line":51,"column":46}},"14":{"start":{"line":52,"column":12},"end":{"line":52,"column":18}},"15":{"start":{"line":55,"column":8},"end":{"line":55,"column":35}},"16":{"start":{"line":61,"column":4},"end":{"line":63,"column":9}},"17":{"start":{"line":62,"column":8},"end":{"line":62,"column":15}},"18":{"start":{"line":64,"column":4},"end":{"line":77,"column":5}},"19":{"start":{"line":70,"column":8},"end":{"line":70,"column":14}},"20":{"start":{"line":76,"column":8},"end":{"line":76,"column":14}},"21":{"start":{"line":82,"column":4},"end":{"line":84,"column":9}},"22":{"start":{"line":83,"column":8},"end":{"line":83,"column":15}},"23":{"start":{"line":85,"column":4},"end":{"line":194,"column":5}},"24":{"start":{"line":91,"column":8},"end":{"line":99,"column":10}},"25":{"start":{"line":98,"column":12},"end":{"line":98,"column":35}},"26":{"start":{"line":102,"column":8},"end":{"line":104,"column":63}},"27":{"start":{"line":105,"column":8},"end":{"line":105,"column":14}},"28":{"start":{"line":112,"column":8},"end":{"line":121,"column":10},"skip":true},"29":{"start":{"line":119,"column":12},"end":{"line":119,"column":55},"skip":true},"30":{"start":{"line":120,"column":12},"end":{"line":120,"column":48},"skip":true},"31":{"start":{"line":123,"column":8},"end":{"line":136,"column":10},"skip":true},"32":{"start":{"line":130,"column":12},"end":{"line":130,"column":76},"skip":true},"33":{"start":{"line":131,"column":12},"end":{"line":131,"column":73},"skip":true},"34":{"start":{"line":132,"column":12},"end":{"line":132,"column":74},"skip":true},"35":{"start":{"line":133,"column":12},"end":{"line":133,"column":79},"skip":true},"36":{"start":{"line":134,"column":12},"end":{"line":134,"column":25},"skip":true},"37":{"start":{"line":135,"column":12},"end":{"line":135,"column":45},"skip":true},"38":{"start":{"line":138,"column":8},"end":{"line":145,"column":14},"skip":true},"39":{"start":{"line":143,"column":16},"end":{"line":143,"column":29},"skip":true},"40":{"start":{"line":144,"column":16},"end":{"line":144,"column":55},"skip":true},"41":{"start":{"line":147,"column":8},"end":{"line":156,"column":10},"skip":true},"42":{"start":{"line":154,"column":12},"end":{"line":154,"column":25},"skip":true},"43":{"start":{"line":155,"column":12},"end":{"line":155,"column":45},"skip":true},"44":{"start":{"line":158,"column":8},"end":{"line":167,"column":10},"skip":true},"45":{"start":{"line":165,"column":12},"end":{"line":165,"column":25},"skip":true},"46":{"start":{"line":166,"column":12},"end":{"line":166,"column":48},"skip":true},"47":{"start":{"line":169,"column":8},"end":{"line":178,"column":10},"skip":true},"48":{"start":{"line":176,"column":12},"end":{"line":176,"column":25},"skip":true},"49":{"start":{"line":177,"column":12},"end":{"line":177,"column":46},"skip":true},"50":{"start":{"line":180,"column":8},"end":{"line":189,"column":10},"skip":true},"51":{"start":{"line":187,"column":12},"end":{"line":187,"column":94},"skip":true},"52":{"start":{"line":188,"column":12},"end":{"line":188,"column":48},"skip":true},"53":{"start":{"line":192,"column":8},"end":{"line":192,"column":35},"skip":true},"54":{"start":{"line":193,"column":8},"end":{"line":193,"column":14},"skip":true}},"branchMap":{"1":{"line":25,"type":"binary-expr","locations":[{"start":{"line":25,"column":23},"end":{"line":25,"column":62}},{"start":{"line":26,"column":20},"end":{"line":26,"column":70}},{"start":{"line":27,"column":20},"end":{"line":27,"column":71}},{"start":{"line":28,"column":20},"end":{"line":28,"column":29}}]},"2":{"line":30,"type":"binary-expr","locations":[{"start":{"line":30,"column":23},"end":{"line":30,"column":37}},{"start":{"line":31,"column":20},"end":{"line":31,"column":61}},{"start":{"line":32,"column":20},"end":{"line":32,"column":70}},{"start":{"line":33,"column":20},"end":{"line":33,"column":26}}]},"3":{"line":37,"type":"cond-expr","locations":[{"start":{"line":38,"column":14},"end":{"line":38,"column":20}},{"start":{"line":39,"column":14},"end":{"line":39,"column":20}}]},"4":{"line":40,"type":"switch","locations":[{"start":{"line":42,"column":8},"end":{"line":47,"column":18}},{"start":{"line":49,"column":8},"end":{"line":52,"column":18}}]},"5":{"line":44,"type":"binary-expr","locations":[{"start":{"line":44,"column":16},"end":{"line":44,"column":44}},{"start":{"line":44,"column":48},"end":{"line":44,"column":66}}]},"6":{"line":50,"type":"binary-expr","locations":[{"start":{"line":50,"column":21},"end":{"line":50,"column":49}},{"start":{"line":50,"column":53},"end":{"line":50,"column":72}}]},"7":{"line":64,"type":"switch","locations":[{"start":{"line":69,"column":4},"end":{"line":70,"column":14}},{"start":{"line":75,"column":4},"end":{"line":76,"column":14}}]},"8":{"line":85,"type":"switch","locations":[{"start":{"line":90,"column":4},"end":{"line":105,"column":14}},{"start":{"line":111,"column":4},"end":{"line":193,"column":14},"skip":true}]},"9":{"line":91,"type":"binary-expr","locations":[{"start":{"line":91,"column":42},"end":{"line":91,"column":73}},{"start":{"line":91,"column":77},"end":{"line":99,"column":9}}]},"10":{"line":102,"type":"binary-expr","locations":[{"start":{"line":102,"column":18},"end":{"line":102,"column":32}},{"start":{"line":103,"column":12},"end":{"line":103,"column":53}},{"start":{"line":104,"column":12},"end":{"line":104,"column":61}}]},"11":{"line":112,"type":"binary-expr","locations":[{"start":{"line":112,"column":45},"end":{"line":112,"column":79},"skip":true},{"start":{"line":112,"column":83},"end":{"line":121,"column":9},"skip":true}]},"12":{"line":123,"type":"binary-expr","locations":[{"start":{"line":123,"column":42},"end":{"line":123,"column":73},"skip":true},{"start":{"line":123,"column":77},"end":{"line":136,"column":9},"skip":true}]},"13":{"line":138,"type":"binary-expr","locations":[{"start":{"line":138,"column":48},"end":{"line":138,"column":85},"skip":true},{"start":{"line":139,"column":12},"end":{"line":145,"column":13},"skip":true}]},"14":{"line":147,"type":"binary-expr","locations":[{"start":{"line":147,"column":42},"end":{"line":147,"column":73},"skip":true},{"start":{"line":147,"column":77},"end":{"line":156,"column":9},"skip":true}]},"15":{"line":158,"type":"binary-expr","locations":[{"start":{"line":158,"column":45},"end":{"line":158,"column":79},"skip":true},{"start":{"line":158,"column":83},"end":{"line":167,"column":9},"skip":true}]},"16":{"line":169,"type":"binary-expr","locations":[{"start":{"line":169,"column":43},"end":{"line":169,"column":75},"skip":true},{"start":{"line":169,"column":79},"end":{"line":178,"column":9},"skip":true}]},"17":{"line":180,"type":"binary-expr","locations":[{"start":{"line":180,"column":41},"end":{"line":180,"column":71},"skip":true},{"start":{"line":180,"column":75},"end":{"line":189,"column":9},"skip":true}]}},"code":["/* istanbul instrument in package npmtest_duo */","/*jslint","    bitwise: true,","    browser: true,","    maxerr: 8,","    maxlen: 96,","    node: true,","    nomen: true,","    regexp: true,","    stupid: true","*/","(function () {","    'use strict';","    var local;","","","","    // run shared js-env code - pre-init","    (function () {","        // init local","        local = {};","        // init modeJs","        local.modeJs = (function () {","            try {","                return typeof navigator.userAgent === 'string' &&","                    typeof document.querySelector('body') === 'object' &&","                    typeof XMLHttpRequest.prototype.open === 'function' &&","                    'browser';","            } catch (errorCaughtBrowser) {","                return module.exports &&","                    typeof process.versions.node === 'string' &&","                    typeof require('http').createServer === 'function' &&","                    'node';","            }","        }());","        // init global","        local.global = local.modeJs === 'browser'","            ? window","            : global;","        switch (local.modeJs) {","        // re-init local from window.local","        case 'browser':","            local = local.global.utility2.objectSetDefault(","                local.global.utility2_rollup || local.global.local,","                local.global.utility2","            );","            break;","        // re-init local from example.js","        case 'node':","            local = (local.global.utility2_rollup || require('utility2'))","                .requireExampleJsFromReadme();","            break;","        }","        // export local","        local.global.local = local;","    }());","","","","    // run shared js-env code - function","    (function () {","        return;","    }());","    switch (local.modeJs) {","","","","    // run browser js-env code - function","    case 'browser':","        break;","","","","    // run node js-env code - function","    case 'node':","        break;","    }","","","","    // run shared js-env code - post-init","    (function () {","        return;","    }());","    switch (local.modeJs) {","","","","    // run browser js-env code - post-init","    case 'browser':","        local.testCase_browser_nullCase = local.testCase_browser_nullCase || function (","            options,","            onError","        ) {","        /*","         * this function will test browsers's null-case handling-behavior-behavior","         */","            onError(null, options);","        };","","        // run tests","        local.nop(local.modeTest &&","            document.querySelector('#testRunButton1') &&","            document.querySelector('#testRunButton1').click());","        break;","","","","    // run node js-env code - post-init","    /* istanbul ignore next */","    case 'node':","        local.testCase_buildApidoc_default = local.testCase_buildApidoc_default || function (","            options,","            onError","        ) {","        /*","         * this function will test buildApidoc's default handling-behavior-behavior","         */","            options = { modulePathList: module.paths };","            local.buildApidoc(options, onError);","        };","","        local.testCase_buildApp_default = local.testCase_buildApp_default || function (","            options,","            onError","        ) {","        /*","         * this function will test buildApp's default handling-behavior-behavior","         */","            local.testCase_buildReadme_default(options, local.onErrorThrow);","            local.testCase_buildLib_default(options, local.onErrorThrow);","            local.testCase_buildTest_default(options, local.onErrorThrow);","            local.testCase_buildCustomOrg_default(options, local.onErrorThrow);","            options = [];","            local.buildApp(options, onError);","        };","","        local.testCase_buildCustomOrg_default = local.testCase_buildCustomOrg_default ||","            function (options, onError) {","            /*","             * this function will test buildCustomOrg's default handling-behavior","             */","                options = {};","                local.buildCustomOrg(options, onError);","            };","","        local.testCase_buildLib_default = local.testCase_buildLib_default || function (","            options,","            onError","        ) {","        /*","         * this function will test buildLib's default handling-behavior","         */","            options = {};","            local.buildLib(options, onError);","        };","","        local.testCase_buildReadme_default = local.testCase_buildReadme_default || function (","            options,","            onError","        ) {","        /*","         * this function will test buildReadme's default handling-behavior-behavior","         */","            options = {};","            local.buildReadme(options, onError);","        };","","        local.testCase_buildTest_default = local.testCase_buildTest_default || function (","            options,","            onError","        ) {","        /*","         * this function will test buildTest's default handling-behavior","         */","            options = {};","            local.buildTest(options, onError);","        };","","        local.testCase_webpage_default = local.testCase_webpage_default || function (","            options,","            onError","        ) {","        /*","         * this function will test webpage's default handling-behavior","         */","            options = { modeCoverageMerge: true, url: local.serverLocalHost + '?modeTest=1' };","            local.browserTest(options, onError);","        };","","        // run test-server","        local.testRunServer(local);","        break;","    }","}());",""],"l":{"12":2,"14":2,"19":2,"21":2,"23":2,"24":2,"25":2,"30":1,"37":2,"40":2,"43":1,"47":1,"50":1,"52":1,"55":2,"61":2,"62":2,"64":2,"70":1,"76":1,"82":2,"83":2,"85":2,"91":1,"98":1,"102":1,"105":1,"112":1,"119":1,"120":1,"123":1,"130":1,"131":1,"132":1,"133":1,"134":1,"135":1,"138":1,"143":2,"144":2,"147":1,"154":2,"155":2,"158":1,"165":2,"166":2,"169":1,"176":2,"177":2,"180":1,"187":1,"188":1,"192":1,"193":1}},"/home/travis/build/npmtest/node-npmtest-duo/lib.npmtest_duo.js":{"path":"/home/travis/build/npmtest/node-npmtest-duo/lib.npmtest_duo.js","s":{"1":2,"2":2,"3":2,"4":2,"5":2,"6":2,"7":2,"8":1,"9":2,"10":2,"11":2,"12":2,"13":1,"14":1,"15":1,"16":1},"b":{"1":[2,1,1,1],"2":[1,1,1,1],"3":[1,1],"4":[2,2],"5":[1,1]},"f":{"1":2,"2":2,"3":2},"fnMap":{"1":{"name":"(anonymous_1)","line":12,"loc":{"start":{"line":12,"column":1},"end":{"line":12,"column":13}}},"2":{"name":"(anonymous_2)","line":19,"loc":{"start":{"line":19,"column":5},"end":{"line":19,"column":17}}},"3":{"name":"(anonymous_3)","line":23,"loc":{"start":{"line":23,"column":24},"end":{"line":23,"column":36}}}},"statementMap":{"1":{"start":{"line":12,"column":0},"end":{"line":53,"column":5}},"2":{"start":{"line":14,"column":4},"end":{"line":14,"column":14}},"3":{"start":{"line":19,"column":4},"end":{"line":52,"column":9}},"4":{"start":{"line":21,"column":8},"end":{"line":21,"column":19}},"5":{"start":{"line":23,"column":8},"end":{"line":35,"column":13}},"6":{"start":{"line":24,"column":12},"end":{"line":34,"column":13}},"7":{"start":{"line":25,"column":16},"end":{"line":28,"column":30}},"8":{"start":{"line":30,"column":16},"end":{"line":33,"column":27}},"9":{"start":{"line":37,"column":8},"end":{"line":39,"column":21}},"10":{"start":{"line":41,"column":8},"end":{"line":41,"column":54}},"11":{"start":{"line":43,"column":8},"end":{"line":43,"column":48}},"12":{"start":{"line":45,"column":8},"end":{"line":51,"column":9}},"13":{"start":{"line":46,"column":12},"end":{"line":46,"column":54}},"14":{"start":{"line":48,"column":12},"end":{"line":48,"column":35}},"15":{"start":{"line":49,"column":12},"end":{"line":49,"column":49}},"16":{"start":{"line":50,"column":12},"end":{"line":50,"column":43}}},"branchMap":{"1":{"line":25,"type":"binary-expr","locations":[{"start":{"line":25,"column":23},"end":{"line":25,"column":62}},{"start":{"line":26,"column":20},"end":{"line":26,"column":70}},{"start":{"line":27,"column":20},"end":{"line":27,"column":71}},{"start":{"line":28,"column":20},"end":{"line":28,"column":29}}]},"2":{"line":30,"type":"binary-expr","locations":[{"start":{"line":30,"column":23},"end":{"line":30,"column":37}},{"start":{"line":31,"column":20},"end":{"line":31,"column":61}},{"start":{"line":32,"column":20},"end":{"line":32,"column":70}},{"start":{"line":33,"column":20},"end":{"line":33,"column":26}}]},"3":{"line":37,"type":"cond-expr","locations":[{"start":{"line":38,"column":14},"end":{"line":38,"column":20}},{"start":{"line":39,"column":14},"end":{"line":39,"column":20}}]},"4":{"line":41,"type":"binary-expr","locations":[{"start":{"line":41,"column":16},"end":{"line":41,"column":44}},{"start":{"line":41,"column":48},"end":{"line":41,"column":53}}]},"5":{"line":45,"type":"if","locations":[{"start":{"line":45,"column":8},"end":{"line":45,"column":8}},{"start":{"line":45,"column":8},"end":{"line":45,"column":8}}]}},"code":["/* istanbul instrument in package npmtest_duo */","/*jslint","    bitwise: true,","    browser: true,","    maxerr: 8,","    maxlen: 96,","    node: true,","    nomen: true,","    regexp: true,","    stupid: true","*/","(function () {","    'use strict';","    var local;","","","","    // run shared js-env code - pre-init","    (function () {","        // init local","        local = {};","        // init modeJs","        local.modeJs = (function () {","            try {","                return typeof navigator.userAgent === 'string' &&","                    typeof document.querySelector('body') === 'object' &&","                    typeof XMLHttpRequest.prototype.open === 'function' &&","                    'browser';","            } catch (errorCaughtBrowser) {","                return module.exports &&","                    typeof process.versions.node === 'string' &&","                    typeof require('http').createServer === 'function' &&","                    'node';","            }","        }());","        // init global","        local.global = local.modeJs === 'browser'","            ? window","            : global;","        // init utility2_rollup","        local = local.global.utility2_rollup || local;","        // init lib","        local.local = local.npmtest_duo = local;","        // init exports","        if (local.modeJs === 'browser') {","            local.global.utility2_npmtest_duo = local;","        } else {","            module.exports = local;","            module.exports.__dirname = __dirname;","            module.exports.module = module;","        }","    }());","}());",""],"l":{"12":2,"14":2,"19":2,"21":2,"23":2,"24":2,"25":2,"30":1,"37":2,"41":2,"43":2,"45":2,"46":1,"48":1,"49":1,"50":1}},"/home/travis/build/npmtest/node-npmtest-duo/example.js":{"path":"/home/travis/build/npmtest/node-npmtest-duo/example.js","s":{"1":2,"2":2,"3":2,"4":2,"5":2,"6":2,"7":2,"8":1,"9":2,"10":2,"11":2,"12":2,"13":1,"14":2,"15":2,"16":2,"17":2,"18":2,"19":0,"20":2,"21":1,"22":1,"23":1,"24":1,"25":1,"26":0,"27":0,"28":1,"29":1,"30":2,"31":0,"32":0,"33":0,"34":1,"35":2,"36":2,"37":3,"38":3,"39":3,"40":3,"41":0,"42":3,"43":3,"44":3,"45":1,"46":3,"47":1,"48":1,"49":1,"50":1,"51":1,"52":1,"53":1,"54":1,"55":1,"56":1,"57":0,"58":1,"59":6,"60":6,"61":1,"62":2,"63":0,"64":2,"65":1,"66":1,"67":0,"68":0,"69":0,"70":0,"71":0,"72":0,"73":0,"74":0,"75":0,"76":0,"77":0,"78":0,"79":0,"80":0,"81":0,"82":0,"83":0},"b":{"1":[2,1,1,1],"2":[1,1,1,1],"3":[1,1],"4":[2,2],"5":[1,1],"6":[1,1],"7":[2,0],"8":[2,1,1,1,1,1],"9":[0,2,0],"10":[1,1],"11":[2,1,1],"12":[1,0],"13":[0,2],"14":[2,0,0,0,0,0,0],"15":[0,3],"16":[3,0],"17":[1,1],"18":[0,1],"19":[1,2,0,2],"20":[1,0],"21":[1,1],"22":[0,0],"23":[0,0],"24":[0,0],"25":[0,0],"26":[0,0],"27":[0,0],"28":[0,0]},"f":{"1":2,"2":2,"3":2,"4":2,"5":2,"6":2,"7":3,"8":3,"9":3,"10":1,"11":6,"12":0},"fnMap":{"1":{"name":"(anonymous_1)","line":26,"loc":{"start":{"line":26,"column":1},"end":{"line":26,"column":13}}},"2":{"name":"(anonymous_2)","line":33,"loc":{"start":{"line":33,"column":5},"end":{"line":33,"column":17}}},"3":{"name":"(anonymous_3)","line":37,"loc":{"start":{"line":37,"column":24},"end":{"line":37,"column":36}}},"4":{"name":"(anonymous_4)","line":69,"loc":{"start":{"line":69,"column":31},"end":{"line":69,"column":48}},"skip":true},"5":{"name":"(anonymous_5)","line":78,"loc":{"start":{"line":78,"column":26},"end":{"line":78,"column":45}},"skip":true},"6":{"name":"(anonymous_6)","line":123,"loc":{"start":{"line":123,"column":33},"end":{"line":123,"column":48}},"skip":true},"7":{"name":"(anonymous_7)","line":125,"loc":{"start":{"line":125,"column":27},"end":{"line":125,"column":39}},"skip":true},"8":{"name":"(anonymous_8)","line":133,"loc":{"start":{"line":133,"column":59},"end":{"line":133,"column":74}},"skip":true},"9":{"name":"(anonymous_9)","line":143,"loc":{"start":{"line":143,"column":45},"end":{"line":143,"column":62}},"skip":true},"10":{"name":"(anonymous_10)","line":144,"loc":{"start":{"line":144,"column":73},"end":{"line":144,"column":92}},"skip":true},"11":{"name":"(anonymous_11)","line":272,"loc":{"start":{"line":272,"column":51},"end":{"line":272,"column":77}},"skip":true},"12":{"name":"(anonymous_12)","line":315,"loc":{"start":{"line":315,"column":32},"end":{"line":315,"column":61}},"skip":true}},"statementMap":{"1":{"start":{"line":26,"column":0},"end":{"line":326,"column":5}},"2":{"start":{"line":28,"column":4},"end":{"line":28,"column":14}},"3":{"start":{"line":33,"column":4},"end":{"line":60,"column":9}},"4":{"start":{"line":35,"column":8},"end":{"line":35,"column":19}},"5":{"start":{"line":37,"column":8},"end":{"line":49,"column":13}},"6":{"start":{"line":38,"column":12},"end":{"line":48,"column":13}},"7":{"start":{"line":39,"column":16},"end":{"line":42,"column":30}},"8":{"start":{"line":44,"column":16},"end":{"line":47,"column":27}},"9":{"start":{"line":51,"column":8},"end":{"line":53,"column":21}},"10":{"start":{"line":55,"column":8},"end":{"line":57,"column":45}},"11":{"start":{"line":59,"column":8},"end":{"line":59,"column":35}},"12":{"start":{"line":61,"column":4},"end":{"line":325,"column":5}},"13":{"start":{"line":69,"column":8},"end":{"line":121,"column":10},"skip":true},"14":{"start":{"line":70,"column":12},"end":{"line":88,"column":13},"skip":true},"15":{"start":{"line":76,"column":16},"end":{"line":87,"column":19},"skip":true},"16":{"start":{"line":79,"column":20},"end":{"line":86,"column":21},"skip":true},"17":{"start":{"line":82,"column":24},"end":{"line":82,"column":43},"skip":true},"18":{"start":{"line":83,"column":24},"end":{"line":83,"column":30},"skip":true},"19":{"start":{"line":85,"column":24},"end":{"line":85,"column":49},"skip":true},"20":{"start":{"line":89,"column":12},"end":{"line":107,"column":13},"skip":true},"21":{"start":{"line":92,"column":16},"end":{"line":102,"column":17},"skip":true},"22":{"start":{"line":93,"column":20},"end":{"line":93,"column":86},"skip":true},"23":{"start":{"line":94,"column":20},"end":{"line":95,"column":45},"skip":true},"24":{"start":{"line":96,"column":20},"end":{"line":96,"column":42},"skip":true},"25":{"start":{"line":97,"column":20},"end":{"line":97,"column":48},"skip":true},"26":{"start":{"line":100,"column":20},"end":{"line":100,"column":85},"skip":true},"27":{"start":{"line":101,"column":20},"end":{"line":101,"column":96},"skip":true},"28":{"start":{"line":103,"column":16},"end":{"line":103,"column":22},"skip":true},"29":{"start":{"line":106,"column":16},"end":{"line":106,"column":22},"skip":true},"30":{"start":{"line":108,"column":12},"end":{"line":120,"column":13},"skip":true},"31":{"start":{"line":114,"column":16},"end":{"line":119,"column":17},"skip":true},"32":{"start":{"line":116,"column":20},"end":{"line":116,"column":78},"skip":true},"33":{"start":{"line":118,"column":20},"end":{"line":118,"column":47},"skip":true},"34":{"start":{"line":123,"column":8},"end":{"line":141,"column":11},"skip":true},"35":{"start":{"line":124,"column":12},"end":{"line":124,"column":54},"skip":true},"36":{"start":{"line":125,"column":12},"end":{"line":140,"column":14},"skip":true},"37":{"start":{"line":126,"column":16},"end":{"line":126,"column":28},"skip":true},"38":{"start":{"line":127,"column":16},"end":{"line":127,"column":69},"skip":true},"39":{"start":{"line":128,"column":16},"end":{"line":128,"column":75},"skip":true},"40":{"start":{"line":129,"column":16},"end":{"line":131,"column":17},"skip":true},"41":{"start":{"line":130,"column":20},"end":{"line":130,"column":27},"skip":true},"42":{"start":{"line":133,"column":16},"end":{"line":137,"column":36},"skip":true},"43":{"start":{"line":134,"column":20},"end":{"line":136,"column":55},"skip":true},"44":{"start":{"line":139,"column":16},"end":{"line":139,"column":57},"skip":true},"45":{"start":{"line":143,"column":8},"end":{"line":147,"column":11},"skip":true},"46":{"start":{"line":144,"column":12},"end":{"line":146,"column":15},"skip":true},"47":{"start":{"line":145,"column":16},"end":{"line":145,"column":70},"skip":true},"48":{"start":{"line":149,"column":8},"end":{"line":149,"column":31},"skip":true},"49":{"start":{"line":150,"column":8},"end":{"line":150,"column":14},"skip":true},"50":{"start":{"line":158,"column":8},"end":{"line":158,"column":31},"skip":true},"51":{"start":{"line":160,"column":8},"end":{"line":160,"column":33},"skip":true},"52":{"start":{"line":161,"column":8},"end":{"line":161,"column":37},"skip":true},"53":{"start":{"line":162,"column":8},"end":{"line":162,"column":35},"skip":true},"54":{"start":{"line":164,"column":8},"end":{"line":164,"column":50},"skip":true},"55":{"start":{"line":166,"column":8},"end":{"line":256,"column":2},"skip":true},"56":{"start":{"line":258,"column":8},"end":{"line":286,"column":9},"skip":true},"57":{"start":{"line":259,"column":12},"end":{"line":269,"column":14},"skip":true},"58":{"start":{"line":271,"column":12},"end":{"line":285,"column":19},"skip":true},"59":{"start":{"line":274,"column":20},"end":{"line":274,"column":35},"skip":true},"60":{"start":{"line":275,"column":20},"end":{"line":284,"column":21},"skip":true},"61":{"start":{"line":277,"column":24},"end":{"line":277,"column":64},"skip":true},"62":{"start":{"line":279,"column":24},"end":{"line":279,"column":40},"skip":true},"63":{"start":{"line":281,"column":24},"end":{"line":281,"column":40},"skip":true},"64":{"start":{"line":283,"column":24},"end":{"line":283,"column":39},"skip":true},"65":{"start":{"line":288,"column":8},"end":{"line":290,"column":9},"skip":true},"66":{"start":{"line":289,"column":12},"end":{"line":289,"column":18},"skip":true},"67":{"start":{"line":291,"column":8},"end":{"line":293,"column":54},"skip":true},"68":{"start":{"line":296,"column":8},"end":{"line":301,"column":37},"skip":true},"69":{"start":{"line":303,"column":8},"end":{"line":303,"column":82},"skip":true},"70":{"start":{"line":306,"column":8},"end":{"line":308,"column":9},"skip":true},"71":{"start":{"line":307,"column":12},"end":{"line":307,"column":82},"skip":true},"72":{"start":{"line":310,"column":8},"end":{"line":312,"column":9},"skip":true},"73":{"start":{"line":311,"column":12},"end":{"line":311,"column":18},"skip":true},"74":{"start":{"line":313,"column":8},"end":{"line":313,"column":54},"skip":true},"75":{"start":{"line":314,"column":8},"end":{"line":314,"column":69},"skip":true},"76":{"start":{"line":315,"column":8},"end":{"line":323,"column":36},"skip":true},"77":{"start":{"line":316,"column":12},"end":{"line":316,"column":61},"skip":true},"78":{"start":{"line":317,"column":12},"end":{"line":320,"column":13},"skip":true},"79":{"start":{"line":318,"column":16},"end":{"line":318,"column":75},"skip":true},"80":{"start":{"line":319,"column":16},"end":{"line":319,"column":23},"skip":true},"81":{"start":{"line":321,"column":12},"end":{"line":321,"column":38},"skip":true},"82":{"start":{"line":322,"column":12},"end":{"line":322,"column":27},"skip":true},"83":{"start":{"line":324,"column":8},"end":{"line":324,"column":14},"skip":true}},"branchMap":{"1":{"line":39,"type":"binary-expr","locations":[{"start":{"line":39,"column":23},"end":{"line":39,"column":62}},{"start":{"line":40,"column":20},"end":{"line":40,"column":70}},{"start":{"line":41,"column":20},"end":{"line":41,"column":71}},{"start":{"line":42,"column":20},"end":{"line":42,"column":29}}]},"2":{"line":44,"type":"binary-expr","locations":[{"start":{"line":44,"column":23},"end":{"line":44,"column":37}},{"start":{"line":45,"column":20},"end":{"line":45,"column":61}},{"start":{"line":46,"column":20},"end":{"line":46,"column":70}},{"start":{"line":47,"column":20},"end":{"line":47,"column":26}}]},"3":{"line":51,"type":"cond-expr","locations":[{"start":{"line":52,"column":14},"end":{"line":52,"column":20}},{"start":{"line":53,"column":14},"end":{"line":53,"column":20}}]},"4":{"line":55,"type":"binary-expr","locations":[{"start":{"line":55,"column":16},"end":{"line":55,"column":44}},{"start":{"line":55,"column":49},"end":{"line":57,"column":43}}]},"5":{"line":55,"type":"cond-expr","locations":[{"start":{"line":56,"column":14},"end":{"line":56,"column":47}},{"start":{"line":57,"column":14},"end":{"line":57,"column":43}}]},"6":{"line":61,"type":"switch","locations":[{"start":{"line":68,"column":4},"end":{"line":150,"column":14},"skip":true},{"start":{"line":156,"column":4},"end":{"line":324,"column":14},"skip":true}]},"7":{"line":70,"type":"if","locations":[{"start":{"line":70,"column":12},"end":{"line":70,"column":12},"skip":true},{"start":{"line":70,"column":12},"end":{"line":70,"column":12},"skip":true}]},"8":{"line":70,"type":"binary-expr","locations":[{"start":{"line":70,"column":16},"end":{"line":70,"column":22},"skip":true},{"start":{"line":70,"column":27},"end":{"line":70,"column":32},"skip":true},{"start":{"line":71,"column":20},"end":{"line":71,"column":39},"skip":true},{"start":{"line":72,"column":20},"end":{"line":72,"column":49},"skip":true},{"start":{"line":73,"column":20},"end":{"line":73,"column":58},"skip":true},{"start":{"line":74,"column":20},"end":{"line":74,"column":69},"skip":true}]},"9":{"line":79,"type":"switch","locations":[{"start":{"line":80,"column":20},"end":{"line":80,"column":33},"skip":true},{"start":{"line":81,"column":20},"end":{"line":83,"column":30},"skip":true},{"start":{"line":84,"column":20},"end":{"line":85,"column":49},"skip":true}]},"10":{"line":89,"type":"switch","locations":[{"start":{"line":90,"column":12},"end":{"line":103,"column":22},"skip":true},{"start":{"line":105,"column":12},"end":{"line":106,"column":22},"skip":true}]},"11":{"line":89,"type":"binary-expr","locations":[{"start":{"line":89,"column":20},"end":{"line":89,"column":25},"skip":true},{"start":{"line":89,"column":29},"end":{"line":89,"column":48},"skip":true},{"start":{"line":89,"column":52},"end":{"line":89,"column":74},"skip":true}]},"12":{"line":92,"type":"if","locations":[{"start":{"line":92,"column":16},"end":{"line":92,"column":16},"skip":true},{"start":{"line":92,"column":16},"end":{"line":92,"column":16},"skip":true}]},"13":{"line":108,"type":"if","locations":[{"start":{"line":108,"column":12},"end":{"line":108,"column":12},"skip":true},{"start":{"line":108,"column":12},"end":{"line":108,"column":12},"skip":true}]},"14":{"line":108,"type":"binary-expr","locations":[{"start":{"line":108,"column":16},"end":{"line":108,"column":61},"skip":true},{"start":{"line":108,"column":66},"end":{"line":108,"column":72},"skip":true},{"start":{"line":108,"column":77},"end":{"line":108,"column":82},"skip":true},{"start":{"line":109,"column":20},"end":{"line":109,"column":39},"skip":true},{"start":{"line":110,"column":20},"end":{"line":110,"column":49},"skip":true},{"start":{"line":111,"column":20},"end":{"line":111,"column":58},"skip":true},{"start":{"line":112,"column":20},"end":{"line":112,"column":68},"skip":true}]},"15":{"line":129,"type":"if","locations":[{"start":{"line":129,"column":16},"end":{"line":129,"column":16},"skip":true},{"start":{"line":129,"column":16},"end":{"line":129,"column":16},"skip":true}]},"16":{"line":134,"type":"cond-expr","locations":[{"start":{"line":135,"column":26},"end":{"line":135,"column":29},"skip":true},{"start":{"line":136,"column":26},"end":{"line":136,"column":54},"skip":true}]},"17":{"line":164,"type":"binary-expr","locations":[{"start":{"line":164,"column":27},"end":{"line":164,"column":43},"skip":true},{"start":{"line":164,"column":47},"end":{"line":164,"column":49},"skip":true}]},"18":{"line":258,"type":"if","locations":[{"start":{"line":258,"column":8},"end":{"line":258,"column":8},"skip":true},{"start":{"line":258,"column":8},"end":{"line":258,"column":8},"skip":true}]},"19":{"line":275,"type":"switch","locations":[{"start":{"line":276,"column":20},"end":{"line":277,"column":64},"skip":true},{"start":{"line":278,"column":20},"end":{"line":279,"column":40},"skip":true},{"start":{"line":280,"column":20},"end":{"line":281,"column":40},"skip":true},{"start":{"line":282,"column":20},"end":{"line":283,"column":39},"skip":true}]},"20":{"line":288,"type":"if","locations":[{"start":{"line":288,"column":8},"end":{"line":288,"column":8},"skip":true},{"start":{"line":288,"column":8},"end":{"line":288,"column":8},"skip":true}]},"21":{"line":288,"type":"binary-expr","locations":[{"start":{"line":288,"column":12},"end":{"line":288,"column":40},"skip":true},{"start":{"line":288,"column":44},"end":{"line":288,"column":67},"skip":true}]},"22":{"line":292,"type":"binary-expr","locations":[{"start":{"line":292,"column":12},"end":{"line":292,"column":50},"skip":true},{"start":{"line":293,"column":12},"end":{"line":293,"column":53},"skip":true}]},"23":{"line":297,"type":"binary-expr","locations":[{"start":{"line":297,"column":12},"end":{"line":297,"column":61},"skip":true},{"start":{"line":298,"column":12},"end":{"line":301,"column":36},"skip":true}]},"24":{"line":303,"type":"binary-expr","locations":[{"start":{"line":303,"column":43},"end":{"line":303,"column":75},"skip":true},{"start":{"line":303,"column":79},"end":{"line":303,"column":81},"skip":true}]},"25":{"line":306,"type":"if","locations":[{"start":{"line":306,"column":8},"end":{"line":306,"column":8},"skip":true},{"start":{"line":306,"column":8},"end":{"line":306,"column":8},"skip":true}]},"26":{"line":310,"type":"if","locations":[{"start":{"line":310,"column":8},"end":{"line":310,"column":8},"skip":true},{"start":{"line":310,"column":8},"end":{"line":310,"column":8},"skip":true}]},"27":{"line":313,"type":"binary-expr","locations":[{"start":{"line":313,"column":27},"end":{"line":313,"column":43},"skip":true},{"start":{"line":313,"column":47},"end":{"line":313,"column":53},"skip":true}]},"28":{"line":317,"type":"if","locations":[{"start":{"line":317,"column":12},"end":{"line":317,"column":12},"skip":true},{"start":{"line":317,"column":12},"end":{"line":317,"column":12},"skip":true}]}},"code":["/*","example.js","","quickstart example","","instruction","    1. save this script as example.js","    2. run the shell command:","        $ npm install npmtest-duo && PORT=8081 node example.js","    3. play with the browser-demo on http://127.0.0.1:8081","*/","","","","/* istanbul instrument in package npmtest_duo */","/*jslint","    bitwise: true,","    browser: true,","    maxerr: 8,","    maxlen: 96,","    node: true,","    nomen: true,","    regexp: true,","    stupid: true","*/","(function () {","    'use strict';","    var local;","","","","    // run shared js-env code - pre-init","    (function () {","        // init local","        local = {};","        // init modeJs","        local.modeJs = (function () {","            try {","                return typeof navigator.userAgent === 'string' &&","                    typeof document.querySelector('body') === 'object' &&","                    typeof XMLHttpRequest.prototype.open === 'function' &&","                    'browser';","            } catch (errorCaughtBrowser) {","                return module.exports &&","                    typeof process.versions.node === 'string' &&","                    typeof require('http').createServer === 'function' &&","                    'node';","            }","        }());","        // init global","        local.global = local.modeJs === 'browser'","            ? window","            : global;","        // init utility2_rollup","        local = local.global.utility2_rollup || (local.modeJs === 'browser'","            ? local.global.utility2_npmtest_duo","            : global.utility2_moduleExports);","        // export local","        local.global.local = local;","    }());","    switch (local.modeJs) {","","","","    // post-init","    // run browser js-env code - post-init","    /* istanbul ignore next */","    case 'browser':","        local.testRunBrowser = function (event) {","            if (!event || (event &&","                    event.currentTarget &&","                    event.currentTarget.className &&","                    event.currentTarget.className.includes &&","                    event.currentTarget.className.includes('onreset'))) {","                // reset output","                Array.from(","                    document.querySelectorAll('body > .resettable')","                ).forEach(function (element) {","                    switch (element.tagName) {","                    case 'INPUT':","                    case 'TEXTAREA':","                        element.value = '';","                        break;","                    default:","                        element.textContent = '';","                    }","                });","            }","            switch (event && event.currentTarget && event.currentTarget.id) {","            case 'testRunButton1':","                // show tests","                if (document.querySelector('#testReportDiv1').style.display === 'none') {","                    document.querySelector('#testReportDiv1').style.display = 'block';","                    document.querySelector('#testRunButton1').textContent =","                        'hide internal test';","                    local.modeTest = true;","                    local.testRunDefault(local);","                // hide tests","                } else {","                    document.querySelector('#testReportDiv1').style.display = 'none';","                    document.querySelector('#testRunButton1').textContent = 'run internal test';","                }","                break;","            // custom-case","            default:","                break;","            }","            if (document.querySelector('#inputTextareaEval1') && (!event || (event &&","                    event.currentTarget &&","                    event.currentTarget.className &&","                    event.currentTarget.className.includes &&","                    event.currentTarget.className.includes('oneval')))) {","                // try to eval input-code","                try {","                    /*jslint evil: true*/","                    eval(document.querySelector('#inputTextareaEval1').value);","                } catch (errorCaught) {","                    console.error(errorCaught);","                }","            }","        };","        // log stderr and stdout to #outputTextareaStdout1","        ['error', 'log'].forEach(function (key) {","            console[key + '_original'] = console[key];","            console[key] = function () {","                var element;","                console[key + '_original'].apply(console, arguments);","                element = document.querySelector('#outputTextareaStdout1');","                if (!element) {","                    return;","                }","                // append text to #outputTextareaStdout1","                element.value += Array.from(arguments).map(function (arg) {","                    return typeof arg === 'string'","                        ? arg","                        : JSON.stringify(arg, null, 4);","                }).join(' ') + '\\n';","                // scroll textarea to bottom","                element.scrollTop = element.scrollHeight;","            };","        });","        // init event-handling","        ['change', 'click', 'keyup'].forEach(function (event) {","            Array.from(document.querySelectorAll('.on' + event)).forEach(function (element) {","                element.addEventListener(event, local.testRunBrowser);","            });","        });","        // run tests","        local.testRunBrowser();","        break;","","","","    // run node js-env code - post-init","    /* istanbul ignore next */","    case 'node':","        // export local","        module.exports = local;","        // require modules","        local.fs = require('fs');","        local.http = require('http');","        local.url = require('url');","        // init assets","        local.assetsDict = local.assetsDict || {};","        /* jslint-ignore-begin */","        local.assetsDict['/assets.index.template.html'] = '\\","<!doctype html>\\n\\","<html lang=\"en\">\\n\\","<head>\\n\\","<meta charset=\"UTF-8\">\\n\\","<meta name=\"viewport\" content=\"width=device-width, initial-scale=1\">\\n\\","<title>{{env.npm_package_name}} (v{{env.npm_package_version}})</title>\\n\\","<style>\\n\\","/*csslint\\n\\","    box-sizing: false,\\n\\","    universal-selector: false\\n\\","*/\\n\\","* {\\n\\","    box-sizing: border-box;\\n\\","}\\n\\","body {\\n\\","    background: #dde;\\n\\","    font-family: Arial, Helvetica, sans-serif;\\n\\","    margin: 2rem;\\n\\","}\\n\\","body > * {\\n\\","    margin-bottom: 1rem;\\n\\","}\\n\\",".utility2FooterDiv {\\n\\","    margin-top: 20px;\\n\\","    text-align: center;\\n\\","}\\n\\","</style>\\n\\","<style>\\n\\","/*csslint\\n\\","*/\\n\\","textarea {\\n\\","    font-family: monospace;\\n\\","    height: 10rem;\\n\\","    width: 100%;\\n\\","}\\n\\","textarea[readonly] {\\n\\","    background: #ddd;\\n\\","}\\n\\","</style>\\n\\","</head>\\n\\","<body>\\n\\","<!-- utility2-comment\\n\\","<div id=\"ajaxProgressDiv1\" style=\"background: #d00; height: 2px; left: 0; margin: 0; padding: 0; position: fixed; top: 0; transition: background 0.5s, width 1.5s; width: 25%;\"></div>\\n\\","utility2-comment -->\\n\\","<h1>\\n\\","<!-- utility2-comment\\n\\","    <a\\n\\","        {{#if env.npm_package_homepage}}\\n\\","        href=\"{{env.npm_package_homepage}}\"\\n\\","        {{/if env.npm_package_homepage}}\\n\\","        target=\"_blank\"\\n\\","    >\\n\\","utility2-comment -->\\n\\","        {{env.npm_package_name}} (v{{env.npm_package_version}})\\n\\","<!-- utility2-comment\\n\\","    </a>\\n\\","utility2-comment -->\\n\\","</h1>\\n\\","<h3>{{env.npm_package_description}}</h3>\\n\\","<!-- utility2-comment\\n\\","<h4><a download href=\"assets.app.js\">download standalone app</a></h4>\\n\\","<button class=\"onclick onreset\" id=\"testRunButton1\">run internal test</button><br>\\n\\","<div id=\"testReportDiv1\" style=\"display: none;\"></div>\\n\\","utility2-comment -->\\n\\","\\n\\","\\n\\","\\n\\","<label>stderr and stdout</label>\\n\\","<textarea class=\"resettable\" id=\"outputTextareaStdout1\" readonly></textarea>\\n\\","<!-- utility2-comment\\n\\","{{#if isRollup}}\\n\\","<script src=\"assets.app.js\"></script>\\n\\","{{#unless isRollup}}\\n\\","utility2-comment -->\\n\\","<script src=\"assets.utility2.rollup.js\"></script>\\n\\","<script src=\"jsonp.utility2._stateInit?callback=window.utility2._stateInit\"></script>\\n\\","<script src=\"assets.npmtest_duo.rollup.js\"></script>\\n\\","<script src=\"assets.example.js\"></script>\\n\\","<script src=\"assets.test.js\"></script>\\n\\","<!-- utility2-comment\\n\\","{{/if isRollup}}\\n\\","utility2-comment -->\\n\\","<div class=\"utility2FooterDiv\">\\n\\","    [ this app was created with\\n\\","    <a href=\"https://github.com/kaizhu256/node-utility2\" target=\"_blank\">utility2</a>\\n\\","    ]\\n\\","</div>\\n\\","</body>\\n\\","</html>\\n\\","';","        /* jslint-ignore-end */","        if (local.templateRender) {","            local.assetsDict['/'] = local.templateRender(","                local.assetsDict['/assets.index.template.html'],","                {","                    env: local.objectSetDefault(local.env, {","                        npm_package_description: 'the greatest app in the world!',","                        npm_package_name: 'my-app',","                        npm_package_nameAlias: 'my_app',","                        npm_package_version: '0.0.1'","                    })","                }","            );","        } else {","            local.assetsDict['/'] = local.assetsDict['/assets.index.template.html']","                .replace((/\\{\\{env\\.(\\w+?)\\}\\}/g), function (match0, match1) {","                    // jslint-hack","                    String(match0);","                    switch (match1) {","                    case 'npm_package_description':","                        return 'the greatest app in the world!';","                    case 'npm_package_name':","                        return 'my-app';","                    case 'npm_package_nameAlias':","                        return 'my_app';","                    case 'npm_package_version':","                        return '0.0.1';","                    }","                });","        }","        // run the cli","        if (local.global.utility2_rollup || module !== require.main) {","            break;","        }","        local.assetsDict['/assets.example.js'] =","            local.assetsDict['/assets.example.js'] ||","            local.fs.readFileSync(__filename, 'utf8');","        // bug-workaround - long $npm_package_buildCustomOrg","        /* jslint-ignore-begin */","        local.assetsDict['/assets.npmtest_duo.rollup.js'] =","            local.assetsDict['/assets.npmtest_duo.rollup.js'] ||","            local.fs.readFileSync(","                local.npmtest_duo.__dirname + '/lib.npmtest_duo.js',","                'utf8'","            ).replace((/^#!/), '//');","        /* jslint-ignore-end */","        local.assetsDict['/favicon.ico'] = local.assetsDict['/favicon.ico'] || '';","        // if $npm_config_timeout_exit exists,","        // then exit this process after $npm_config_timeout_exit ms","        if (Number(process.env.npm_config_timeout_exit)) {","            setTimeout(process.exit, Number(process.env.npm_config_timeout_exit));","        }","        // start server","        if (local.global.utility2_serverHttp1) {","            break;","        }","        process.env.PORT = process.env.PORT || '8081';","        console.error('server starting on port ' + process.env.PORT);","        local.http.createServer(function (request, response) {","            request.urlParsed = local.url.parse(request.url);","            if (local.assetsDict[request.urlParsed.pathname] !== undefined) {","                response.end(local.assetsDict[request.urlParsed.pathname]);","                return;","            }","            response.statusCode = 404;","            response.end();","        }).listen(process.env.PORT);","        break;","    }","}());",""],"l":{"26":2,"28":2,"33":2,"35":2,"37":2,"38":2,"39":2,"44":1,"51":2,"55":2,"59":2,"61":2,"69":1,"70":2,"76":2,"79":2,"82":2,"83":2,"85":1,"89":2,"92":1,"93":1,"94":1,"96":1,"97":1,"100":1,"101":1,"103":1,"106":1,"108":2,"114":1,"116":1,"118":1,"123":1,"124":2,"125":2,"126":3,"127":3,"128":3,"129":3,"130":1,"133":3,"134":3,"139":3,"143":1,"144":3,"145":1,"149":1,"150":1,"158":1,"160":1,"161":1,"162":1,"164":1,"166":1,"258":1,"259":1,"271":1,"274":6,"275":6,"277":1,"279":2,"281":1,"283":2,"288":1,"289":1,"291":1,"296":1,"303":1,"306":1,"307":1,"310":1,"311":1,"313":1,"314":1,"315":1,"316":1,"317":1,"318":1,"319":1,"321":1,"322":1,"324":1}},"/home/travis/build/npmtest/node-npmtest-duo/node_modules/duo/lib/duo.js":{"path":"/home/travis/build/npmtest/node-npmtest-duo/node_modules/duo/lib/duo.js","s":{"1":1,"2":1,"3":1,"4":1,"5":1,"6":1,"7":1,"8":1,"9":1,"10":1,"11":1,"12":1,"13":1,"14":1,"15":1,"16":1,"17":1,"18":1,"19":1,"20":1,"21":1,"22":1,"23":1,"24":1,"25":1,"26":1,"27":1,"28":1,"29":1,"30":1,"31":1,"32":1,"33":1,"34":1,"35":1,"36":1,"37":0,"38":0,"39":0,"40":0,"41":0,"42":0,"43":0,"44":0,"45":0,"46":0,"47":0,"48":0,"49":0,"50":0,"51":0,"52":0,"53":0,"54":0,"55":0,"56":0,"57":0,"58":0,"59":0,"60":0,"61":1,"62":1,"63":0,"64":0,"65":0,"66":0,"67":0,"68":0,"69":1,"70":0,"71":0,"72":0,"73":0,"74":1,"75":0,"76":0,"77":0,"78":0,"79":1,"80":0,"81":0,"82":0,"83":0,"84":1,"85":0,"86":0,"87":0,"88":0,"89":1,"90":0,"91":0,"92":0,"93":0,"94":1,"95":0,"96":0,"97":0,"98":0,"99":1,"100":0,"101":0,"102":0,"103":0,"104":1,"105":0,"106":0,"107":0,"108":0,"109":1,"110":0,"111":0,"112":0,"113":0,"114":1,"115":0,"116":0,"117":0,"118":0,"119":1,"120":0,"121":0,"122":0,"123":0,"124":1,"125":0,"126":0,"127":0,"128":0,"129":0,"130":0,"131":0,"132":0,"133":1,"134":0,"135":0,"136":0,"137":0,"138":1,"139":0,"140":0,"141":0,"142":0,"143":1,"144":0,"145":0,"146":0,"147":0,"148":0,"149":0,"150":1,"151":0,"152":0,"153":0,"154":0,"155":1,"156":0,"157":0,"158":0,"159":1,"160":0,"161":0,"162":0,"163":1,"164":0,"165":0,"166":0,"167":1,"168":0,"169":0,"170":0,"171":0,"172":1,"173":0,"174":0,"175":1,"176":0,"177":1,"178":0,"179":0,"180":0,"181":0,"182":0,"183":0,"184":0,"185":0,"186":0,"187":0,"188":0,"189":0,"190":0,"191":0,"192":0,"193":0,"194":0,"195":0,"196":0,"197":1,"198":0,"199":0,"200":0,"201":0,"202":0,"203":0,"204":0,"205":0,"206":0,"207":0,"208":0,"209":0,"210":0,"211":0,"212":0,"213":0,"214":0,"215":0,"216":0,"217":0,"218":0,"219":0,"220":0,"221":0,"222":0,"223":1,"224":0,"225":0,"226":0,"227":0,"228":0,"229":0,"230":0,"231":0,"232":0,"233":0,"234":0,"235":0,"236":0,"237":0,"238":1,"239":0,"240":0,"241":0,"242":0,"243":0,"244":0,"245":0,"246":0,"247":0,"248":0,"249":0,"250":0,"251":0,"252":0,"253":0,"254":0,"255":0,"256":0,"257":0,"258":0,"259":0,"260":0,"261":0,"262":0,"263":0,"264":0,"265":0,"266":0,"267":0,"268":0,"269":0,"270":0,"271":0,"272":0,"273":0,"274":0,"275":0,"276":0,"277":0,"278":0,"279":0,"280":0,"281":0,"282":0,"283":0,"284":0,"285":0,"286":1,"287":0,"288":0,"289":0,"290":0,"291":0,"292":0,"293":0,"294":0,"295":0,"296":0,"297":0,"298":1,"299":0,"300":0,"301":0,"302":0,"303":0,"304":0,"305":0,"306":0,"307":0,"308":0,"309":0,"310":0,"311":0,"312":0,"313":0,"314":0,"315":0,"316":0,"317":0,"318":0,"319":0,"320":0,"321":0,"322":0,"323":1,"324":0,"325":0,"326":0,"327":0,"328":0,"329":0,"330":0,"331":0,"332":0,"333":0,"334":0,"335":0,"336":0,"337":0,"338":0,"339":0,"340":0,"341":0,"342":0,"343":0,"344":0,"345":0,"346":0,"347":0,"348":0,"349":1,"350":0,"351":0,"352":0,"353":0,"354":0,"355":0,"356":1,"357":0,"358":0,"359":1,"360":0,"361":0,"362":0,"363":0,"364":0,"365":0,"366":0,"367":0,"368":0,"369":0,"370":0,"371":0,"372":0,"373":0,"374":1,"375":0,"376":0,"377":0,"378":0,"379":0,"380":0,"381":0,"382":0,"383":0,"384":0,"385":0,"386":0,"387":0,"388":0,"389":0,"390":0,"391":0,"392":0,"393":0,"394":0,"395":1,"396":0,"397":0,"398":0,"399":0,"400":0,"401":0,"402":1,"403":0,"404":0,"405":0,"406":0,"407":0,"408":0,"409":0,"410":0,"411":0,"412":0,"413":0,"414":0,"415":0,"416":0,"417":0,"418":0,"419":0,"420":1,"421":0,"422":0,"423":0,"424":0,"425":0,"426":0,"427":0,"428":1,"429":0,"430":1,"431":0,"432":0,"433":0,"434":1,"435":0,"436":0,"437":0,"438":0,"439":0,"440":0,"441":0,"442":0,"443":0,"444":0,"445":0,"446":0,"447":0,"448":0,"449":0,"450":0,"451":0,"452":0,"453":0,"454":0,"455":0,"456":1,"457":0,"458":1,"459":0,"460":0,"461":0,"462":1,"463":0,"464":1,"465":0,"466":1,"467":0,"468":1,"469":0,"470":0,"471":0,"472":0,"473":1,"474":0,"475":0,"476":0,"477":0,"478":0,"479":1,"480":0,"481":0,"482":0,"483":0,"484":0,"485":1,"486":0,"487":0,"488":0,"489":0,"490":1,"491":0,"492":0,"493":0,"494":0,"495":0,"496":1,"497":0,"498":0,"499":0,"500":0,"501":0,"502":1,"503":0},"b":{"1":[0,0],"2":[0,0],"3":[0,0,0],"4":[0,0],"5":[0,0],"6":[0,0],"7":[0,0],"8":[0,0],"9":[0,0],"10":[0,0],"11":[0,0],"12":[0,0],"13":[0,0],"14":[0,0],"15":[0,0],"16":[0,0],"17":[0,0],"18":[0,0],"19":[0,0],"20":[0,0],"21":[0,0],"22":[0,0],"23":[0,0],"24":[0,0],"25":[0,0],"26":[0,0],"27":[0,0],"28":[0,0],"29":[0,0],"30":[0,0],"31":[0,0],"32":[0,0],"33":[0,0],"34":[0,0],"35":[0,0],"36":[0,0],"37":[0,0],"38":[0,0],"39":[0,0],"40":[0,0],"41":[0,0,0],"42":[0,0],"43":[0,0],"44":[0,0],"45":[0,0],"46":[0,0],"47":[0,0],"48":[0,0],"49":[0,0],"50":[0,0],"51":[0,0],"52":[0,0],"53":[0,0],"54":[0,0],"55":[0,0],"56":[0,0],"57":[0,0],"58":[0,0],"59":[0,0],"60":[0,0],"61":[0,0],"62":[0,0],"63":[0,0],"64":[0,0],"65":[0,0],"66":[0,0],"67":[0,0],"68":[0,0],"69":[0,0,0],"70":[0,0],"71":[0,0],"72":[0,0],"73":[0,0],"74":[0,0],"75":[0,0],"76":[0,0],"77":[0,0],"78":[0,0],"79":[0,0,0],"80":[0,0],"81":[0,0],"82":[0,0],"83":[0,0],"84":[0,0],"85":[0,0],"86":[0,0],"87":[0,0],"88":[0,0],"89":[0,0],"90":[0,0],"91":[0,0],"92":[0,0,0],"93":[0,0],"94":[0,0],"95":[0,0],"96":[0,0],"97":[0,0]},"f":{"1":0,"2":0,"3":0,"4":0,"5":0,"6":0,"7":0,"8":0,"9":0,"10":0,"11":0,"12":0,"13":0,"14":0,"15":0,"16":0,"17":0,"18":0,"19":0,"20":0,"21":0,"22":0,"23":0,"24":0,"25":0,"26":0,"27":0,"28":0,"29":0,"30":0,"31":0,"32":0,"33":0,"34":0,"35":0,"36":0,"37":0,"38":0,"39":0,"40":0,"41":0,"42":0,"43":0,"44":0,"45":0,"46":0,"47":0,"48":0,"49":0,"50":0,"51":0,"52":0,"53":0,"54":0,"55":0,"56":0,"57":0,"58":0},"fnMap":{"1":{"name":"Duo","line":61,"loc":{"start":{"line":61,"column":0},"end":{"line":61,"column":19}}},"2":{"name":"(anonymous_2)","line":114,"loc":{"start":{"line":114,"column":22},"end":{"line":114,"column":34}}},"3":{"name":"(anonymous_3)","line":142,"loc":{"start":{"line":142,"column":21},"end":{"line":142,"column":36}}},"4":{"name":"(anonymous_4)","line":156,"loc":{"start":{"line":156,"column":22},"end":{"line":156,"column":39}}},"5":{"name":"(anonymous_5)","line":170,"loc":{"start":{"line":170,"column":25},"end":{"line":170,"column":41}}},"6":{"name":"(anonymous_6)","line":184,"loc":{"start":{"line":184,"column":23},"end":{"line":184,"column":39}}},"7":{"name":"(anonymous_7)","line":199,"loc":{"start":{"line":199,"column":27},"end":{"line":199,"column":43}}},"8":{"name":"(anonymous_8)","line":213,"loc":{"start":{"line":213,"column":28},"end":{"line":213,"column":45}}},"9":{"name":"(anonymous_9)","line":227,"loc":{"start":{"line":227,"column":26},"end":{"line":227,"column":43}}},"10":{"name":"(anonymous_10)","line":241,"loc":{"start":{"line":241,"column":21},"end":{"line":241,"column":38}}},"11":{"name":"(anonymous_11)","line":255,"loc":{"start":{"line":255,"column":28},"end":{"line":255,"column":45}}},"12":{"name":"(anonymous_12)","line":270,"loc":{"start":{"line":270,"column":23},"end":{"line":270,"column":40}}},"13":{"name":"(anonymous_13)","line":284,"loc":{"start":{"line":284,"column":22},"end":{"line":284,"column":39}}},"14":{"name":"(anonymous_14)","line":297,"loc":{"start":{"line":297,"column":33},"end":{"line":297,"column":46}}},"15":{"name":"(anonymous_15)","line":318,"loc":{"start":{"line":318,"column":26},"end":{"line":318,"column":42}}},"16":{"name":"(anonymous_16)","line":332,"loc":{"start":{"line":332,"column":24},"end":{"line":332,"column":40}}},"17":{"name":"(anonymous_17)","line":346,"loc":{"start":{"line":346,"column":20},"end":{"line":346,"column":34}}},"18":{"name":"log","line":359,"loc":{"start":{"line":359,"column":2},"end":{"line":359,"column":19}}},"19":{"name":"(anonymous_19)","line":376,"loc":{"start":{"line":376,"column":21},"end":{"line":376,"column":33}}},"20":{"name":"(anonymous_20)","line":390,"loc":{"start":{"line":390,"column":26},"end":{"line":390,"column":38}}},"21":{"name":"(anonymous_21)","line":404,"loc":{"start":{"line":404,"column":28},"end":{"line":404,"column":40}}},"22":{"name":"(anonymous_22)","line":414,"loc":{"start":{"line":414,"column":35},"end":{"line":414,"column":48}}},"23":{"name":"(anonymous_23)","line":429,"loc":{"start":{"line":429,"column":24},"end":{"line":429,"column":51}}},"24":{"name":"(anonymous_24)","line":449,"loc":{"start":{"line":449,"column":25},"end":{"line":449,"column":41}}},"25":{"name":"(anonymous_25)","line":463,"loc":{"start":{"line":463,"column":30},"end":{"line":463,"column":47}}},"26":{"name":"(anonymous_26)","line":507,"loc":{"start":{"line":507,"column":32},"end":{"line":507,"column":45}}},"27":{"name":"(anonymous_27)","line":574,"loc":{"start":{"line":574,"column":28},"end":{"line":574,"column":41}}},"28":{"name":"(anonymous_28)","line":611,"loc":{"start":{"line":611,"column":29},"end":{"line":611,"column":51}}},"29":{"name":"(anonymous_29)","line":684,"loc":{"start":{"line":684,"column":15},"end":{"line":684,"column":30}}},"30":{"name":"(anonymous_30)","line":715,"loc":{"start":{"line":715,"column":24},"end":{"line":715,"column":45}}},"31":{"name":"(anonymous_31)","line":719,"loc":{"start":{"line":719,"column":15},"end":{"line":719,"column":30}}},"32":{"name":"(anonymous_32)","line":765,"loc":{"start":{"line":765,"column":27},"end":{"line":765,"column":56}}},"33":{"name":"(anonymous_33)","line":839,"loc":{"start":{"line":839,"column":24},"end":{"line":839,"column":53}}},"34":{"name":"isRelativeCSS","line":888,"loc":{"start":{"line":888,"column":2},"end":{"line":888,"column":39}}},"35":{"name":"(anonymous_35)","line":904,"loc":{"start":{"line":904,"column":21},"end":{"line":904,"column":38}}},"36":{"name":"(anonymous_36)","line":935,"loc":{"start":{"line":935,"column":24},"end":{"line":935,"column":45}}},"37":{"name":"(anonymous_37)","line":1005,"loc":{"start":{"line":1005,"column":31},"end":{"line":1005,"column":56}}},"38":{"name":"(anonymous_38)","line":1076,"loc":{"start":{"line":1076,"column":25},"end":{"line":1076,"column":41}}},"39":{"name":"(anonymous_39)","line":1098,"loc":{"start":{"line":1098,"column":23},"end":{"line":1098,"column":40}}},"40":{"name":"(anonymous_40)","line":1137,"loc":{"start":{"line":1137,"column":24},"end":{"line":1137,"column":40}}},"41":{"name":"(anonymous_41)","line":1139,"loc":{"start":{"line":1139,"column":9},"end":{"line":1139,"column":21}}},"42":{"name":"(anonymous_42)","line":1156,"loc":{"start":{"line":1156,"column":25},"end":{"line":1156,"column":40}}},"43":{"name":"(anonymous_43)","line":1171,"loc":{"start":{"line":1171,"column":21},"end":{"line":1171,"column":38}}},"44":{"name":"(anonymous_44)","line":1185,"loc":{"start":{"line":1185,"column":35},"end":{"line":1185,"column":48}}},"45":{"name":"extension","line":1228,"loc":{"start":{"line":1228,"column":0},"end":{"line":1228,"column":25}}},"46":{"name":"error","line":1240,"loc":{"start":{"line":1240,"column":0},"end":{"line":1240,"column":20}}},"47":{"name":"supported","line":1254,"loc":{"start":{"line":1254,"column":0},"end":{"line":1254,"column":24}}},"48":{"name":"stripPath","line":1266,"loc":{"start":{"line":1266,"column":0},"end":{"line":1266,"column":25}}},"49":{"name":"http","line":1280,"loc":{"start":{"line":1280,"column":0},"end":{"line":1280,"column":19}}},"50":{"name":"values","line":1294,"loc":{"start":{"line":1294,"column":0},"end":{"line":1294,"column":21}}},"51":{"name":"(anonymous_51)","line":1296,"loc":{"start":{"line":1296,"column":30},"end":{"line":1296,"column":43}}},"52":{"name":"compact","line":1309,"loc":{"start":{"line":1309,"column":0},"end":{"line":1309,"column":22}}},"53":{"name":"readJson","line":1327,"loc":{"start":{"line":1327,"column":0},"end":{"line":1327,"column":24}}},"54":{"name":"jsonSyntaxError","line":1344,"loc":{"start":{"line":1344,"column":0},"end":{"line":1344,"column":36}}},"55":{"name":"includeDeps","line":1365,"loc":{"start":{"line":1365,"column":0},"end":{"line":1365,"column":32}}},"56":{"name":"(anonymous_56)","line":1367,"loc":{"start":{"line":1367,"column":36},"end":{"line":1367,"column":56}}},"57":{"name":"isSlug","line":1381,"loc":{"start":{"line":1381,"column":0},"end":{"line":1381,"column":21}}},"58":{"name":"isLocal","line":1396,"loc":{"start":{"line":1396,"column":0},"end":{"line":1396,"column":23}}}},"statementMap":{"1":{"start":{"line":6,"column":0},"end":{"line":6,"column":45}},"2":{"start":{"line":7,"column":0},"end":{"line":7,"column":39}},"3":{"start":{"line":8,"column":0},"end":{"line":8,"column":39}},"4":{"start":{"line":9,"column":0},"end":{"line":9,"column":39}},"5":{"start":{"line":10,"column":0},"end":{"line":10,"column":38}},"6":{"start":{"line":11,"column":0},"end":{"line":11,"column":37}},"7":{"start":{"line":12,"column":0},"end":{"line":12,"column":36}},"8":{"start":{"line":13,"column":0},"end":{"line":13,"column":36}},"9":{"start":{"line":14,"column":0},"end":{"line":14,"column":34}},"10":{"start":{"line":15,"column":0},"end":{"line":15,"column":34}},"11":{"start":{"line":16,"column":0},"end":{"line":16,"column":33}},"12":{"start":{"line":17,"column":0},"end":{"line":17,"column":33}},"13":{"start":{"line":18,"column":0},"end":{"line":18,"column":32}},"14":{"start":{"line":19,"column":0},"end":{"line":19,"column":31}},"15":{"start":{"line":20,"column":0},"end":{"line":20,"column":31}},"16":{"start":{"line":21,"column":0},"end":{"line":21,"column":31}},"17":{"start":{"line":22,"column":0},"end":{"line":22,"column":30}},"18":{"start":{"line":23,"column":0},"end":{"line":23,"column":29}},"19":{"start":{"line":24,"column":0},"end":{"line":24,"column":29}},"20":{"start":{"line":25,"column":0},"end":{"line":25,"column":27}},"21":{"start":{"line":26,"column":0},"end":{"line":26,"column":27}},"22":{"start":{"line":27,"column":0},"end":{"line":27,"column":27}},"23":{"start":{"line":28,"column":0},"end":{"line":28,"column":26}},"24":{"start":{"line":29,"column":0},"end":{"line":29,"column":23}},"25":{"start":{"line":31,"column":0},"end":{"line":31,"column":29}},"26":{"start":{"line":32,"column":0},"end":{"line":32,"column":29}},"27":{"start":{"line":33,"column":0},"end":{"line":33,"column":27}},"28":{"start":{"line":34,"column":0},"end":{"line":34,"column":27}},"29":{"start":{"line":35,"column":0},"end":{"line":35,"column":27}},"30":{"start":{"line":36,"column":0},"end":{"line":36,"column":21}},"31":{"start":{"line":37,"column":0},"end":{"line":37,"column":22}},"32":{"start":{"line":38,"column":0},"end":{"line":38,"column":21}},"33":{"start":{"line":44,"column":0},"end":{"line":44,"column":21}},"34":{"start":{"line":45,"column":0},"end":{"line":45,"column":15}},"35":{"start":{"line":51,"column":0},"end":{"line":51,"column":21}},"36":{"start":{"line":61,"column":0},"end":{"line":89,"column":1}},"37":{"start":{"line":62,"column":2},"end":{"line":62,"column":51}},"38":{"start":{"line":62,"column":30},"end":{"line":62,"column":51}},"39":{"start":{"line":63,"column":2},"end":{"line":63,"column":58}},"40":{"start":{"line":63,"column":13},"end":{"line":63,"column":58}},"41":{"start":{"line":64,"column":2},"end":{"line":64,"column":21}},"42":{"start":{"line":65,"column":2},"end":{"line":65,"column":18}},"43":{"start":{"line":66,"column":2},"end":{"line":66,"column":34}},"44":{"start":{"line":67,"column":2},"end":{"line":67,"column":31}},"45":{"start":{"line":68,"column":2},"end":{"line":68,"column":24}},"46":{"start":{"line":69,"column":2},"end":{"line":69,"column":19}},"47":{"start":{"line":70,"column":2},"end":{"line":70,"column":26}},"48":{"start":{"line":71,"column":2},"end":{"line":71,"column":24}},"49":{"start":{"line":72,"column":2},"end":{"line":72,"column":23}},"50":{"start":{"line":73,"column":2},"end":{"line":73,"column":21}},"51":{"start":{"line":74,"column":2},"end":{"line":74,"column":19}},"52":{"start":{"line":76,"column":2},"end":{"line":76,"column":19}},"53":{"start":{"line":77,"column":2},"end":{"line":77,"column":20}},"54":{"start":{"line":78,"column":2},"end":{"line":78,"column":21}},"55":{"start":{"line":79,"column":2},"end":{"line":79,"column":21}},"56":{"start":{"line":80,"column":2},"end":{"line":80,"column":52}},"57":{"start":{"line":83,"column":2},"end":{"line":83,"column":28}},"58":{"start":{"line":84,"column":2},"end":{"line":84,"column":45}},"59":{"start":{"line":87,"column":2},"end":{"line":87,"column":31}},"60":{"start":{"line":88,"column":2},"end":{"line":88,"column":51}},"61":{"start":{"line":95,"column":0},"end":{"line":95,"column":28}},"62":{"start":{"line":114,"column":0},"end":{"line":132,"column":2}},"63":{"start":{"line":115,"column":2},"end":{"line":131,"column":3}},"64":{"start":{"line":117,"column":6},"end":{"line":117,"column":25}},"65":{"start":{"line":119,"column":6},"end":{"line":122,"column":9}},"66":{"start":{"line":123,"column":6},"end":{"line":123,"column":18}},"67":{"start":{"line":125,"column":6},"end":{"line":129,"column":9}},"68":{"start":{"line":130,"column":6},"end":{"line":130,"column":18}},"69":{"start":{"line":142,"column":0},"end":{"line":146,"column":2}},"70":{"start":{"line":143,"column":2},"end":{"line":143,"column":43}},"71":{"start":{"line":143,"column":25},"end":{"line":143,"column":43}},"72":{"start":{"line":144,"column":2},"end":{"line":144,"column":19}},"73":{"start":{"line":145,"column":2},"end":{"line":145,"column":14}},"74":{"start":{"line":156,"column":0},"end":{"line":160,"column":2}},"75":{"start":{"line":157,"column":2},"end":{"line":157,"column":44}},"76":{"start":{"line":157,"column":25},"end":{"line":157,"column":44}},"77":{"start":{"line":158,"column":2},"end":{"line":158,"column":22}},"78":{"start":{"line":159,"column":2},"end":{"line":159,"column":14}},"79":{"start":{"line":170,"column":0},"end":{"line":174,"column":2}},"80":{"start":{"line":171,"column":2},"end":{"line":171,"column":47}},"81":{"start":{"line":171,"column":25},"end":{"line":171,"column":47}},"82":{"start":{"line":172,"column":2},"end":{"line":172,"column":24}},"83":{"start":{"line":173,"column":2},"end":{"line":173,"column":14}},"84":{"start":{"line":184,"column":0},"end":{"line":188,"column":2}},"85":{"start":{"line":185,"column":2},"end":{"line":185,"column":45}},"86":{"start":{"line":185,"column":25},"end":{"line":185,"column":45}},"87":{"start":{"line":186,"column":2},"end":{"line":186,"column":22}},"88":{"start":{"line":187,"column":2},"end":{"line":187,"column":14}},"89":{"start":{"line":199,"column":0},"end":{"line":203,"column":2}},"90":{"start":{"line":200,"column":2},"end":{"line":200,"column":41}},"91":{"start":{"line":200,"column":25},"end":{"line":200,"column":41}},"92":{"start":{"line":201,"column":2},"end":{"line":201,"column":18}},"93":{"start":{"line":202,"column":2},"end":{"line":202,"column":14}},"94":{"start":{"line":213,"column":0},"end":{"line":217,"column":2}},"95":{"start":{"line":214,"column":2},"end":{"line":214,"column":50}},"96":{"start":{"line":214,"column":25},"end":{"line":214,"column":50}},"97":{"start":{"line":215,"column":2},"end":{"line":215,"column":28}},"98":{"start":{"line":216,"column":2},"end":{"line":216,"column":14}},"99":{"start":{"line":227,"column":0},"end":{"line":231,"column":2}},"100":{"start":{"line":228,"column":2},"end":{"line":228,"column":48}},"101":{"start":{"line":228,"column":25},"end":{"line":228,"column":48}},"102":{"start":{"line":229,"column":2},"end":{"line":229,"column":26}},"103":{"start":{"line":230,"column":2},"end":{"line":230,"column":14}},"104":{"start":{"line":241,"column":0},"end":{"line":245,"column":2}},"105":{"start":{"line":242,"column":2},"end":{"line":242,"column":43}},"106":{"start":{"line":242,"column":25},"end":{"line":242,"column":43}},"107":{"start":{"line":243,"column":2},"end":{"line":243,"column":21}},"108":{"start":{"line":244,"column":2},"end":{"line":244,"column":14}},"109":{"start":{"line":255,"column":0},"end":{"line":259,"column":2}},"110":{"start":{"line":256,"column":2},"end":{"line":256,"column":50}},"111":{"start":{"line":256,"column":25},"end":{"line":256,"column":50}},"112":{"start":{"line":257,"column":2},"end":{"line":257,"column":28}},"113":{"start":{"line":258,"column":2},"end":{"line":258,"column":14}},"114":{"start":{"line":270,"column":0},"end":{"line":274,"column":2}},"115":{"start":{"line":271,"column":2},"end":{"line":271,"column":45}},"116":{"start":{"line":271,"column":25},"end":{"line":271,"column":45}},"117":{"start":{"line":272,"column":2},"end":{"line":272,"column":23}},"118":{"start":{"line":273,"column":2},"end":{"line":273,"column":14}},"119":{"start":{"line":284,"column":0},"end":{"line":288,"column":2}},"120":{"start":{"line":285,"column":2},"end":{"line":285,"column":44}},"121":{"start":{"line":285,"column":25},"end":{"line":285,"column":44}},"122":{"start":{"line":286,"column":2},"end":{"line":286,"column":22}},"123":{"start":{"line":287,"column":2},"end":{"line":287,"column":14}},"124":{"start":{"line":297,"column":0},"end":{"line":308,"column":3}},"125":{"start":{"line":298,"column":2},"end":{"line":298,"column":33}},"126":{"start":{"line":298,"column":20},"end":{"line":298,"column":33}},"127":{"start":{"line":300,"column":2},"end":{"line":305,"column":3}},"128":{"start":{"line":301,"column":4},"end":{"line":301,"column":36}},"129":{"start":{"line":302,"column":4},"end":{"line":302,"column":52}},"130":{"start":{"line":303,"column":4},"end":{"line":303,"column":28}},"131":{"start":{"line":304,"column":4},"end":{"line":304,"column":31}},"132":{"start":{"line":307,"column":2},"end":{"line":307,"column":29}},"133":{"start":{"line":318,"column":0},"end":{"line":322,"column":2}},"134":{"start":{"line":319,"column":2},"end":{"line":319,"column":48}},"135":{"start":{"line":319,"column":25},"end":{"line":319,"column":48}},"136":{"start":{"line":320,"column":2},"end":{"line":320,"column":25}},"137":{"start":{"line":321,"column":2},"end":{"line":321,"column":14}},"138":{"start":{"line":332,"column":0},"end":{"line":336,"column":2}},"139":{"start":{"line":333,"column":2},"end":{"line":333,"column":46}},"140":{"start":{"line":333,"column":25},"end":{"line":333,"column":46}},"141":{"start":{"line":334,"column":2},"end":{"line":334,"column":23}},"142":{"start":{"line":335,"column":2},"end":{"line":335,"column":14}},"143":{"start":{"line":346,"column":0},"end":{"line":366,"column":2}},"144":{"start":{"line":347,"column":2},"end":{"line":357,"column":3}},"145":{"start":{"line":348,"column":4},"end":{"line":348,"column":31}},"146":{"start":{"line":350,"column":4},"end":{"line":354,"column":5}},"147":{"start":{"line":351,"column":6},"end":{"line":351,"column":30}},"148":{"start":{"line":353,"column":6},"end":{"line":353,"column":27}},"149":{"start":{"line":356,"column":4},"end":{"line":356,"column":23}},"150":{"start":{"line":359,"column":2},"end":{"line":363,"column":3}},"151":{"start":{"line":360,"column":4},"end":{"line":360,"column":40}},"152":{"start":{"line":361,"column":4},"end":{"line":361,"column":30}},"153":{"start":{"line":362,"column":4},"end":{"line":362,"column":36}},"154":{"start":{"line":365,"column":2},"end":{"line":365,"column":14}},"155":{"start":{"line":376,"column":0},"end":{"line":380,"column":2}},"156":{"start":{"line":377,"column":2},"end":{"line":377,"column":35}},"157":{"start":{"line":378,"column":2},"end":{"line":378,"column":28}},"158":{"start":{"line":379,"column":2},"end":{"line":379,"column":37}},"159":{"start":{"line":390,"column":0},"end":{"line":394,"column":2}},"160":{"start":{"line":391,"column":2},"end":{"line":391,"column":35}},"161":{"start":{"line":392,"column":2},"end":{"line":392,"column":31}},"162":{"start":{"line":393,"column":2},"end":{"line":393,"column":37}},"163":{"start":{"line":404,"column":0},"end":{"line":408,"column":2}},"164":{"start":{"line":405,"column":2},"end":{"line":405,"column":35}},"165":{"start":{"line":406,"column":2},"end":{"line":406,"column":33}},"166":{"start":{"line":407,"column":2},"end":{"line":407,"column":37}},"167":{"start":{"line":414,"column":0},"end":{"line":418,"column":3}},"168":{"start":{"line":415,"column":2},"end":{"line":415,"column":26}},"169":{"start":{"line":416,"column":2},"end":{"line":416,"column":36}},"170":{"start":{"line":417,"column":2},"end":{"line":417,"column":33}},"171":{"start":{"line":417,"column":13},"end":{"line":417,"column":33}},"172":{"start":{"line":429,"column":0},"end":{"line":439,"column":2}},"173":{"start":{"line":430,"column":2},"end":{"line":436,"column":4}},"174":{"start":{"line":438,"column":2},"end":{"line":438,"column":14}},"175":{"start":{"line":449,"column":0},"end":{"line":451,"column":2}},"176":{"start":{"line":450,"column":2},"end":{"line":450,"column":31}},"177":{"start":{"line":463,"column":0},"end":{"line":496,"column":3}},"178":{"start":{"line":464,"column":2},"end":{"line":464,"column":33}},"179":{"start":{"line":465,"column":2},"end":{"line":465,"column":27}},"180":{"start":{"line":466,"column":2},"end":{"line":466,"column":29}},"181":{"start":{"line":467,"column":2},"end":{"line":467,"column":24}},"182":{"start":{"line":468,"column":2},"end":{"line":468,"column":21}},"183":{"start":{"line":470,"column":2},"end":{"line":470,"column":42}},"184":{"start":{"line":470,"column":30},"end":{"line":470,"column":42}},"185":{"start":{"line":473,"column":2},"end":{"line":473,"column":35}},"186":{"start":{"line":476,"column":2},"end":{"line":476,"column":56}},"187":{"start":{"line":477,"column":2},"end":{"line":477,"column":22}},"188":{"start":{"line":480,"column":2},"end":{"line":480,"column":25}},"189":{"start":{"line":483,"column":2},"end":{"line":483,"column":19}},"190":{"start":{"line":485,"column":2},"end":{"line":488,"column":3}},"191":{"start":{"line":486,"column":4},"end":{"line":486,"column":43}},"192":{"start":{"line":487,"column":4},"end":{"line":487,"column":29}},"193":{"start":{"line":490,"column":2},"end":{"line":493,"column":3}},"194":{"start":{"line":491,"column":4},"end":{"line":491,"column":51}},"195":{"start":{"line":492,"column":4},"end":{"line":492,"column":38}},"196":{"start":{"line":495,"column":2},"end":{"line":495,"column":14}},"197":{"start":{"line":507,"column":0},"end":{"line":557,"column":3}},"198":{"start":{"line":508,"column":2},"end":{"line":508,"column":27}},"199":{"start":{"line":509,"column":2},"end":{"line":509,"column":24}},"200":{"start":{"line":509,"column":14},"end":{"line":509,"column":24}},"201":{"start":{"line":511,"column":2},"end":{"line":511,"column":21}},"202":{"start":{"line":512,"column":2},"end":{"line":512,"column":29}},"203":{"start":{"line":515,"column":2},"end":{"line":515,"column":28}},"204":{"start":{"line":516,"column":2},"end":{"line":516,"column":28}},"205":{"start":{"line":519,"column":2},"end":{"line":519,"column":19}},"206":{"start":{"line":522,"column":2},"end":{"line":524,"column":17}},"207":{"start":{"line":526,"column":2},"end":{"line":526,"column":36}},"208":{"start":{"line":527,"column":2},"end":{"line":527,"column":47}},"209":{"start":{"line":527,"column":13},"end":{"line":527,"column":47}},"210":{"start":{"line":529,"column":2},"end":{"line":529,"column":71}},"211":{"start":{"line":532,"column":2},"end":{"line":534,"column":3}},"212":{"start":{"line":533,"column":4},"end":{"line":533,"column":46}},"213":{"start":{"line":537,"column":2},"end":{"line":537,"column":44}},"214":{"start":{"line":540,"column":2},"end":{"line":540,"column":37}},"215":{"start":{"line":543,"column":2},"end":{"line":543,"column":40}},"216":{"start":{"line":543,"column":14},"end":{"line":543,"column":40}},"217":{"start":{"line":546,"column":2},"end":{"line":546,"column":35}},"218":{"start":{"line":549,"column":2},"end":{"line":549,"column":38}},"219":{"start":{"line":549,"column":13},"end":{"line":549,"column":38}},"220":{"start":{"line":552,"column":2},"end":{"line":554,"column":3}},"221":{"start":{"line":553,"column":4},"end":{"line":553,"column":39}},"222":{"start":{"line":556,"column":2},"end":{"line":556,"column":14}},"223":{"start":{"line":574,"column":0},"end":{"line":595,"column":3}},"224":{"start":{"line":575,"column":2},"end":{"line":575,"column":27}},"225":{"start":{"line":576,"column":2},"end":{"line":576,"column":34}},"226":{"start":{"line":576,"column":14},"end":{"line":576,"column":34}},"227":{"start":{"line":578,"column":2},"end":{"line":578,"column":21}},"228":{"start":{"line":579,"column":2},"end":{"line":579,"column":34}},"229":{"start":{"line":582,"column":2},"end":{"line":582,"column":56}},"230":{"start":{"line":583,"column":2},"end":{"line":583,"column":29}},"231":{"start":{"line":584,"column":2},"end":{"line":584,"column":31}},"232":{"start":{"line":584,"column":11},"end":{"line":584,"column":31}},"233":{"start":{"line":585,"column":2},"end":{"line":585,"column":31}},"234":{"start":{"line":588,"column":2},"end":{"line":588,"column":57}},"235":{"start":{"line":591,"column":2},"end":{"line":591,"column":24}},"236":{"start":{"line":592,"column":2},"end":{"line":592,"column":24}},"237":{"start":{"line":594,"column":2},"end":{"line":594,"column":17}},"238":{"start":{"line":611,"column":0},"end":{"line":703,"column":2}},"239":{"start":{"line":612,"column":2},"end":{"line":612,"column":24}},"240":{"start":{"line":614,"column":2},"end":{"line":614,"column":18}},"241":{"start":{"line":616,"column":2},"end":{"line":616,"column":48}},"242":{"start":{"line":617,"column":2},"end":{"line":617,"column":31}},"243":{"start":{"line":618,"column":2},"end":{"line":618,"column":27}},"244":{"start":{"line":619,"column":2},"end":{"line":619,"column":17}},"245":{"start":{"line":620,"column":2},"end":{"line":620,"column":16}},"246":{"start":{"line":623,"column":2},"end":{"line":623,"column":32}},"247":{"start":{"line":625,"column":2},"end":{"line":625,"column":43}},"248":{"start":{"line":626,"column":2},"end":{"line":626,"column":32}},"249":{"start":{"line":627,"column":2},"end":{"line":627,"column":30}},"250":{"start":{"line":630,"column":2},"end":{"line":633,"column":3}},"251":{"start":{"line":631,"column":4},"end":{"line":631,"column":51}},"252":{"start":{"line":632,"column":4},"end":{"line":632,"column":15}},"253":{"start":{"line":636,"column":2},"end":{"line":640,"column":3}},"254":{"start":{"line":637,"column":4},"end":{"line":637,"column":54}},"255":{"start":{"line":638,"column":4},"end":{"line":638,"column":24}},"256":{"start":{"line":639,"column":4},"end":{"line":639,"column":15}},"257":{"start":{"line":6
[...]
end":{"line":208,"column":32}}},"branchMap":{"1":{"line":41,"type":"if","locations":[{"start":{"line":41,"column":2},"end":{"line":41,"column":2}},{"start":{"line":41,"column":2},"end":{"line":41,"column":2}}]},"2":{"line":42,"type":"binary-expr","locations":[{"start":{"line":42,"column":21},"end":{"line":42,"column":26}},{"start":{"line":42,"column":30},"end":{"line":42,"column":32}}]},"3":{"line":45,"type":"cond-expr","locations":[{"start":{"line":45,"column":26},"end":{"line":45,"column":42}},{"start":{"line":45,"column":45},"end":{"line":45,"column":47}}]},"4":{"line":46,"type":"binary-expr","locations":[{"start":{"line":46,"column":13},"end":{"line":46,"column":23}},{"start":{"line":46,"column":27},"end":{"line":46,"column":42}}]},"5":{"line":50,"type":"binary-expr","locations":[{"start":{"line":50,"column":20},"end":{"line":50,"column":30}},{"start":{"line":50,"column":34},"end":{"line":50,"column":54}}]},"6":{"line":54,"type":"binary-expr","locations":[{"start":{"line":54,"column":24},"end":{"line":54,"column":35}},{"start":{"line":54,"column":39},"end":{"line":54,"column":50}}]},"7":{"line":91,"type":"if","locations":[{"start":{"line":91,"column":2},"end":{"line":91,"column":2}},{"start":{"line":91,"column":2},"end":{"line":91,"column":2}}]},"8":{"line":92,"type":"if","locations":[{"start":{"line":92,"column":2},"end":{"line":92,"column":2}},{"start":{"line":92,"column":2},"end":{"line":92,"column":2}}]},"9":{"line":105,"type":"if","locations":[{"start":{"line":105,"column":2},"end":{"line":105,"column":2}},{"start":{"line":105,"column":2},"end":{"line":105,"column":2}}]},"10":{"line":109,"type":"if","locations":[{"start":{"line":109,"column":2},"end":{"line":109,"column":2}},{"start":{"line":109,"column":2},"end":{"line":109,"column":2}}]},"11":{"line":113,"type":"cond-expr","locations":[{"start":{"line":113,"column":27},"end":{"line":113,"column":31}},{"start":{"line":113,"column":34},"end":{"line":113,"column":50}}]},"12":{"line":128,"type":"if","locations":[{"start":{"line":128,"column":2},"end":{"line":128,"column":2}},{"start":{"line":128,"column":2},"end":{"line":128,"column":2}}]},"13":{"line":141,"type":"binary-expr","locations":[{"start":{"line":141,"column":21},"end":{"line":141,"column":26}},{"start":{"line":141,"column":30},"end":{"line":141,"column":32}}]},"14":{"line":155,"type":"if","locations":[{"start":{"line":155,"column":2},"end":{"line":155,"column":2}},{"start":{"line":155,"column":2},"end":{"line":155,"column":2}}]},"15":{"line":186,"type":"if","locations":[{"start":{"line":186,"column":2},"end":{"line":186,"column":2}},{"start":{"line":186,"column":2},"end":{"line":186,"column":2}}]},"16":{"line":187,"type":"if","locations":[{"start":{"line":187,"column":2},"end":{"line":187,"column":2}},{"start":{"line":187,"column":2},"end":{"line":187,"column":2}}]}},"code":["","/**"," * Module dependencies."," */","","var clone = require('component-clone');","var delegate = require('delegates');","var filedeps = require('file-deps');","var extend = require('extend.js');","var exists = require('co-exists');","var mask = require('json-mask');","var path = require('path');","var fs = require('co-fs');","","var relative = path.relative;","var extname = path.extname;","var resolve = path.resolve;","","/**"," * Export `File`."," */","","module.exports = File;","","/**"," * Fields in `duo.json`."," */","","var fields = 'id,type,mtime,src,deps,entry';","","/**"," * Initialize a new `File` with `attrs`."," *"," * @param {Object} attrs"," * @param {Duo} duo"," * @return {File}"," * @api public"," */","","function File(attrs, duo) {","  if (!(this instanceof File)) return new File(attrs, duo);","  this.attrs = clone(attrs || {});","  this.duo = duo;","","  var type = attrs.type ? '.' + attrs.type : '';","  var path = attrs.path || 'source' + type;","","  // initial attrs","  this.attrs.path = resolve(attrs.root, path);","  this.attrs.type = attrs.type || extension(this.path);","  this.attrs.id = relative(duo.root(), this.path);","","  // local vs remote","  this.attrs.local = !!(attrs.entry || attrs.local);","}","","/**"," * Delegate getters & setters to `this.attrs`."," */","","delegate(File.prototype, 'attrs')","  .access('id')","  .access('src')","  .access('raw')","  .access('type')","  .access('root')","  .access('path')","  .access('entry')","  .access('mtime')","  .access('name');","","/**"," * Delegate methods back into our `duo` instance."," */","","delegate(File.prototype, 'duo')","  .getter('plugins')","  .method('include')","  .method('included');","","/**"," * Parse the dependencies in `this.src`."," *"," * - `filedeps` changes its parser based on the file type (css vs. js)"," *"," * @return {Array}"," * @api public"," */","","File.prototype.dependencies = function () {","  if (this.deps) return this.deps;","  if (!this.src) return [];","  this.deps = filedeps(this.src, this.type);","  return this.deps;","};","","/**"," * Load the files source, running any transforms before returning it."," *"," * @return {File}"," * @api public"," */","","File.prototype.load = function* () {","  if (typeof this.src !== 'undefined') return this;","","  // read the file","  var raw = this.raw;","  if (raw == null) raw = yield fs.readFile(this.path, 'utf8');","  this.attrs.src = raw;","","  // transform the file and update attributes","  var entry = this.entry ? this : this.duo.entry();","  var res = yield this.plugins.run(this, entry);","  this.set(res[0].json());","","  return this;","};","","/**"," * Check if the path to the file exists, unless we already have the raw source."," *"," * @return {Boolean}"," * @api public"," */","","File.prototype.exists = function* () {","  if (this.raw != null) return true;","  else return yield exists(this.path);","};","","/**"," * Set additional `attrs` on the file."," *"," * @param {Object} attrs"," * @return {File}"," * @api public"," */","","File.prototype.set = function (attrs) {","  extend(this.attrs, attrs || {});","  return this;","};","","/**"," * Get a JSON representation of the file."," *"," * @return {Object}"," * @api public"," */","","File.prototype.json =","File.prototype.toString = function () {","  var json = clone(this.attrs);","  if (!json.entry) delete json.entry;","  return mask(json, fields);","};","","/**"," * Get the mtime of a `path`, falling back to the current time."," *"," * @param {String} path"," * @return {Number}"," * @api private"," */","","File.prototype.modified = function* () {","  try {","    var stat = yield fs.stat(this.path);","    this.attrs.mtime = stat.mtime.getTime();","  } catch (e) {","    var now = new Date();","    this.attrs.mtime = now.getTime();","  }","","  return this.mtime;","};","","/**"," * Determine if a file is a local."," *"," * @return {Boolean}"," */","","File.prototype.local = function () {","  if (this.attrs.entry) return true;","  if (this.attrs.local) return !!this.attrs.local;","  return false;","};","","/**"," * Determine if a file is a remote (eg: not a local)"," */","","File.prototype.remote = function () {","  return !this.local();","};","","/**"," * Get the extension of a `path`."," *"," * @param {String} path"," * @return {String} ext"," * @api private"," */","","function extension(path) {","  return extname(path).slice(1);","}",""],"l":{"6":1,"7":1,"8":1,"9":1,"10":1,"11":1,"12":1,"13":1,"15":1,"16":1,"17":1,"23":1,"29":1,"40":1,"41":0,"42":0,"43":0,"45":0,"46":0,"49":0,"50":0,"51":0,"54":0,"61":1,"76":1,"90":1,"91":0,"92":0,"93":0,"94":0,"104":1,"105":0,"108":0,"109":0,"110":0,"113":0,"114":0,"115":0,"117":0,"127":1,"128":0,"129":0,"140":1,"141":0,"142":0,"152":1,"154":0,"155":0,"156":0,"167":1,"168":0,"169":0,"170":0,"172":0,"173":0,"176":0,"185":1,"186":0,"187":0,"188":0,"195":1,"196":0,"207":1,"208":0}},"/home/travis/build/npmtest/node-npmtest-duo/node_modules/duo/lib/util.js":{"path":"/home/travis/build/npmtest/node-npmtest-duo/node_modules/duo/lib/util.js","s":{"1":1,"2":1,"3":1,"4":1,"5":1,"6":1,"7":1,"8":1,"9":1,"10":0,"11":0,"12":0,"13":0,"14":0,"15":0,"16":1,"17":0,"18":0,"19":0,"20":0,"21":1,"22":0,"23":0,"24":0,"25":1,"26":0,"27":0,"28":0,"29":0,"30":0,"31":0,"32":0,"33":0,"34":0,"35":0,"36":1,"37":0,"38":1,"39":0,"40":0,"41":0,"42":0,"43":0,"44":0,"45":0,"46":0,"47":0,"48":0,"49":0,"50":0,"51":0,"52":1,"53":0,"54":1,"55":0,"56":0,"57":1,"58":0,"59":0,"60":0},"b":{"1":[0,0],"2":[0,0],"3":[0,0],"4":[0,0],"5":[0,0],"6":[0,0],"7":[0,0],"8":[0,0],"9":[0,0],"10":[0,0],"11":[0,0],"12":[0,0]},"f":{"1":0,"2":0,"3":0,"4":0,"5":0,"6":0,"7":0,"8":0,"9":0,"10":0,"11":0,"12":0},"fnMap":{"1":{"name":"(anonymous_1)","line":27,"loc":{"start":{"line":27,"column":16},"end":{"line":27,"column":28}}},"2":{"name":"(anonymous_2)","line":46,"loc":{"start":{"line":46,"column":18},"end":{"line":46,"column":40}}},"3":{"name":"(anonymous_3)","line":47,"loc":{"start":{"line":47,"column":35},"end":{"line":47,"column":58}}},"4":{"name":"(anonymous_4)","line":64,"loc":{"start":{"line":64,"column":18},"end":{"line":64,"column":39}}},"5":{"name":"(anonymous_5)","line":65,"loc":{"start":{"line":65,"column":25},"end":{"line":65,"column":40}}},"6":{"name":"(anonymous_6)","line":79,"loc":{"start":{"line":79,"column":19},"end":{"line":79,"column":35}}},"7":{"name":"(anonymous_7)","line":103,"loc":{"start":{"line":103,"column":15},"end":{"line":103,"column":30}}},"8":{"name":"(anonymous_8)","line":114,"loc":{"start":{"line":114,"column":18},"end":{"line":114,"column":43}}},"9":{"name":"(anonymous_9)","line":115,"loc":{"start":{"line":115,"column":21},"end":{"line":115,"column":39}}},"10":{"name":"globs","line":138,"loc":{"start":{"line":138,"column":0},"end":{"line":138,"column":21}}},"11":{"name":"listFiles","line":149,"loc":{"start":{"line":149,"column":0},"end":{"line":149,"column":39}}},"12":{"name":"isDir","line":161,"loc":{"start":{"line":161,"column":0},"end":{"line":161,"column":21}}}},"statementMap":{"1":{"start":{"line":6,"column":0},"end":{"line":6,"column":44}},"2":{"start":{"line":7,"column":0},"end":{"line":7,"column":38}},"3":{"start":{"line":8,"column":0},"end":{"line":8,"column":38}},"4":{"start":{"line":9,"column":0},"end":{"line":9,"column":34}},"5":{"start":{"line":10,"column":0},"end":{"line":10,"column":34}},"6":{"start":{"line":11,"column":0},"end":{"line":11,"column":32}},"7":{"start":{"line":12,"column":0},"end":{"line":12,"column":27}},"8":{"start":{"line":18,"column":0},"end":{"line":21,"column":2}},"9":{"start":{"line":27,"column":0},"end":{"line":34,"column":2}},"10":{"start":{"line":28,"column":2},"end":{"line":28,"column":61}},"11":{"start":{"line":28,"column":33},"end":{"line":28,"column":61}},"12":{"start":{"line":30,"column":2},"end":{"line":30,"column":37}},"13":{"start":{"line":31,"column":2},"end":{"line":31,"column":50}},"14":{"start":{"line":31,"column":29},"end":{"line":31,"column":50}},"15":{"start":{"line":33,"column":2},"end":{"line":33,"column":15}},"16":{"start":{"line":46,"column":0},"end":{"line":54,"column":2}},"17":{"start":{"line":47,"column":2},"end":{"line":53,"column":9}},"18":{"start":{"line":48,"column":4},"end":{"line":52,"column":5}},"19":{"start":{"line":49,"column":6},"end":{"line":49,"column":49}},"20":{"start":{"line":51,"column":6},"end":{"line":51,"column":32}},"21":{"start":{"line":64,"column":0},"end":{"line":70,"column":2}},"22":{"start":{"line":65,"column":2},"end":{"line":67,"column":5}},"23":{"start":{"line":66,"column":4},"end":{"line":66,"column":19}},"24":{"start":{"line":69,"column":2},"end":{"line":69,"column":14}},"25":{"start":{"line":79,"column":0},"end":{"line":94,"column":2}},"26":{"start":{"line":80,"column":2},"end":{"line":80,"column":26}},"27":{"start":{"line":81,"column":2},"end":{"line":81,"column":38}},"28":{"start":{"line":81,"column":12},"end":{"line":81,"column":38}},"29":{"start":{"line":82,"column":2},"end":{"line":82,"column":21}},"30":{"start":{"line":83,"column":2},"end":{"line":83,"column":29}},"31":{"start":{"line":84,"column":2},"end":{"line":84,"column":16}},"32":{"start":{"line":86,"column":2},"end":{"line":89,"column":3}},"33":{"start":{"line":87,"column":4},"end":{"line":87,"column":16}},"34":{"start":{"line":88,"column":4},"end":{"line":88,"column":26}},"35":{"start":{"line":91,"column":2},"end":{"line":93,"column":10}},"36":{"start":{"line":103,"column":0},"end":{"line":105,"column":2}},"37":{"start":{"line":104,"column":2},"end":{"line":104,"column":30}},"38":{"start":{"line":114,"column":0},"end":{"line":128,"column":2}},"39":{"start":{"line":115,"column":2},"end":{"line":127,"column":9}},"40":{"start":{"line":116,"column":4},"end":{"line":116,"column":38}},"41":{"start":{"line":117,"column":4},"end":{"line":117,"column":52}},"42":{"start":{"line":118,"column":4},"end":{"line":118,"column":61}},"43":{"start":{"line":119,"column":4},"end":{"line":119,"column":12}},"44":{"start":{"line":121,"column":4},"end":{"line":124,"column":28}},"45":{"start":{"line":121,"column":23},"end":{"line":121,"column":44}},"46":{"start":{"line":122,"column":9},"end":{"line":124,"column":28}},"47":{"start":{"line":122,"column":36},"end":{"line":122,"column":57}},"48":{"start":{"line":123,"column":9},"end":{"line":124,"column":28}},"49":{"start":{"line":123,"column":26},"end":{"line":123,"column":45}},"50":{"start":{"line":124,"column":9},"end":{"line":124,"column":28}},"51":{"start":{"line":126,"column":4},"end":{"line":126,"column":44}},"52":{"start":{"line":138,"column":0},"end":{"line":140,"column":1}},"53":{"start":{"line":139,"column":2},"end":{"line":139,"column":26}},"54":{"start":{"line":149,"column":0},"end":{"line":152,"column":1}},"55":{"start":{"line":150,"column":2},"end":{"line":150,"column":40}},"56":{"start":{"line":151,"column":2},"end":{"line":151,"column":55}},"57":{"start":{"line":161,"column":0},"end":{"line":167,"column":1}},"58":{"start":{"line":162,"column":2},"end":{"line":166,"column":3}},"59":{"start":{"line":163,"column":4},"end":{"line":163,"column":36}},"60":{"start":{"line":165,"column":4},"end":{"line":165,"column":17}}},"branchMap":{"1":{"line":28,"type":"if","locations":[{"start":{"line":28,"column":2},"end":{"line":28,"column":2}},{"start":{"line":28,"column":2},"end":{"line":28,"column":2}}]},"2":{"line":31,"type":"if","locations":[{"start":{"line":31,"column":2},"end":{"line":31,"column":2}},{"start":{"line":31,"column":2},"end":{"line":31,"column":2}}]},"3":{"line":31,"type":"binary-expr","locations":[{"start":{"line":31,"column":6},"end":{"line":31,"column":10}},{"start":{"line":31,"column":14},"end":{"line":31,"column":27}}]},"4":{"line":48,"type":"if","locations":[{"start":{"line":48,"column":4},"end":{"line":48,"column":4}},{"start":{"line":48,"column":4},"end":{"line":48,"column":4}}]},"5":{"line":81,"type":"if","locations":[{"start":{"line":81,"column":2},"end":{"line":81,"column":2}},{"start":{"line":81,"column":2},"end":{"line":81,"column":2}}]},"6":{"line":86,"type":"binary-expr","locations":[{"start":{"line":86,"column":9},"end":{"line":86,"column":50}},{"start":{"line":86,"column":54},"end":{"line":86,"column":70}}]},"7":{"line":91,"type":"cond-expr","locations":[{"start":{"line":92,"column":6},"end":{"line":92,"column":9}},{"start":{"line":93,"column":6},"end":{"line":93,"column":9}}]},"8":{"line":121,"type":"if","locations":[{"start":{"line":121,"column":4},"end":{"line":121,"column":4}},{"start":{"line":121,"column":4},"end":{"line":121,"column":4}}]},"9":{"line":122,"type":"if","locations":[{"start":{"line":122,"column":9},"end":{"line":122,"column":9}},{"start":{"line":122,"column":9},"end":{"line":122,"column":9}}]},"10":{"line":123,"type":"if","locations":[{"start":{"line":123,"column":9},"end":{"line":123,"column":9}},{"start":{"line":123,"column":9},"end":{"line":123,"column":9}}]},"11":{"line":126,"type":"cond-expr","locations":[{"start":{"line":126,"column":32},"end":{"line":126,"column":35}},{"start":{"line":126,"column":38},"end":{"line":126,"column":43}}]},"12":{"line":151,"type":"binary-expr","locations":[{"start":{"line":151,"column":29},"end":{"line":151,"column":36}},{"start":{"line":151,"column":40},"end":{"line":151,"column":46}}]}},"code":["","/**"," * Module dependencies."," */","","var detect = require('language-classifier');","var resolve = require('path').resolve;","var exists = require('fs').existsSync;","var stat = require('fs').statSync;","var netrc = require('node-netrc');","var glob = require('glob').sync;","var path = require('path');","","/**"," * Language mapping."," */","","var langmap = {","  javascript: 'js',","  css: 'css'","};","","/**"," * Pull GH auth from ~/.netrc or $GH_TOKEN env."," */","","exports.token = function () {","  if ('GH_TOKEN' in process.env) return process.env.GH_TOKEN;","","  var auth = netrc('api.github.com');","  if (auth && auth.password) return auth.password;","","  return false;","};","","/**"," * Normalize entries list."," *"," *  - expand globs"," *  - expand directories into list of all nested files"," *"," * @param {Array:String}"," * @return {Array:String}"," */","","exports.entries = function (root, list) {","  return list.filter(globs).reduce(function (memo, entry) {","    if (isDir(path.join(root, entry))) {","      return memo.concat(listFiles(root, entry));","    } else {","      return memo.concat(entry);","    }","  }, []);","};","","/**"," * Helper for collecting CLI params into a single array."," *"," * @param {String} val"," * @param {Array:String} memo"," * @returns {Array:String}"," */","","exports.collect = function (val, memo) {","  val.split(',').forEach(function (val) {","    memo.push(val);","  });","","  return memo;","};","","/**"," * Find the root."," *"," * @param {String} root"," * @param {String}"," */","","exports.findroot = function (root) {","  var cwd = process.cwd();","  if (root) return resolve(cwd, root);","  var sep = path.sep;","  var parts = cwd.split(sep);","  var dir = cwd;","","  while (!exists(path.join(dir, 'component.json')) && parts.length > 1) {","    parts.pop();","    dir = parts.join(sep);","  }","","  return parts.length <= 1","    ? cwd","    : dir;","};","","/**"," * Detect the type of a source-file."," *"," * @param {String} src"," * @returns {String}"," */","","exports.type = function (src) {","  return langmap[detect(src)];","};","","/**"," * Retrieve an array of plugins from `--use`."," *"," * @param {Array:String} plugins"," * @return {Array:Function}"," */","","exports.plugins = function (root, plugins) {","  return plugins.map(function (plugin) {","    var local = resolve(root, plugin);","    var npm = resolve(root, 'node_modules', plugin);","    var cwd = resolve(process.cwd(), 'node_modules', plugin);","    var mod;","","    if (exists(local)) mod = require(local);","    else if (exists(local + '.js')) mod = require(local);","    else if (exists(npm)) mod = require(npm);","    else mod = require(cwd);","","    return Array.isArray(mod) ? mod : mod();","  }, []);","};","","","/**"," * Filter out unexpanded globs."," *"," * @param {String} entry"," * @return {Boolean}"," */","","function globs(path) {","  return !/\\*/.test(path);","}","","/**"," * Gets a list of all files within a directory recursively (and synchronously)"," *"," * @param {String} path"," * @return {Array:String}"," */","","function listFiles(root, dir, pattern) {","  var opts = { cwd: root, nodir: true };","  return glob(path.join(dir, pattern || '**/*'), opts);","}","","/**"," * Simple hueristic to check if `path` is a directory."," *"," * @param {String} path"," * @return {Boolean}"," */","","function isDir(path) {","  try {","    return stat(path).isDirectory();","  } catch (e) {","    return false;","  }","}",""],"l":{"6":1,"7":1,"8":1,"9":1,"10":1,"11":1,"12":1,"18":1,"27":1,"28":0,"30":0,"31":0,"33":0,"46":1,"47":0,"48":0,"49":0,"51":0,"64":1,"65":0,"66":0,"69":0,"79":1,"80":0,"81":0,"82":0,"83":0,"84":0,"86":0,"87":0,"88":0,"91":0,"103":1,"104":0,"114":1,"115":0,"116":0,"117":0,"118":0,"119":0,"121":0,"122":0,"123":0,"124":0,"126":0,"138":1,"139":0,"149":1,"150":0,"151":0,"161":1,"162":0,"163":0,"165":0}}}